<?xml version="1.0" encoding="UTF-8"?>
<testsuites>
  <testsuite name="http://tst01.tjsp.jus.br/RHF/RecepcaoDocumentos/Candidato" timestamp="1496090578878" time="720" tests="77" failures="7" errors="0" skipped="0">
    <testcase classname="http://tst01.tjsp.jus.br/RHF/RecepcaoDocumentos/Candidato.aria-valid-attr-value" name="#headingconcurso187 > .panel-title > a">
      <failure message="ARIA attributes must conform to valid values (https://dequeuniversity.com/rules/axe/2.2/aria-valid-attr-value?application=webdriverjs)&#xA;">
        <![CDATA[Target: #headingconcurso187 > .panel-title > a

HTML: <a class="" role="button" data-toggle="collapse" href="#collapseconcurso187" aria-expanded="true" aria-controls="collapseTwo">
                                            Comarca da Capital - Contador  Judiciário - 6111/2014
                                        </a>

Summary:
Fix any of the following:
    • Invalid ARIA attribute value: aria-controls="collapseTwo"
]]>
      </failure>
    </testcase>
    <testcase classname="http://tst01.tjsp.jus.br/RHF/RecepcaoDocumentos/Candidato.color-contrast" name="body > footer > .container-fluid > .row > .col-md-36 > .col-xs-36.col-sm-18.col-md-18 > h6:nth-of-type(1)">
      <failure message="Elements must have sufficient color contrast (https://dequeuniversity.com/rules/axe/2.2/color-contrast?application=webdriverjs)&#xA;">
        <![CDATA[Target: body > footer > .container-fluid > .row > .col-md-36 > .col-xs-36.col-sm-18.col-md-18 > h6:nth-of-type(1)

HTML: <h6 class="visible-xs visible-sm hidden-md hidden-lg" style="">Tribunal de Justiça de São Paulo</h6>

Summary:
Fix any of the following:
    • Element has insufficient color contrast of 3.5 (foreground color: #808080, background color: #f2f1f1, font size: 9.0pt, font weight: normal)
    Related Nodes:
        ◦ body > footer]]>
      </failure>
    </testcase>
    <testcase classname="http://tst01.tjsp.jus.br/RHF/RecepcaoDocumentos/Candidato.color-contrast" name="body > footer > .container-fluid > .row > .col-md-36 > .col-xs-36.col-sm-18.col-md-18 > h6:nth-of-type(2)">
      <failure message="Elements must have sufficient color contrast (https://dequeuniversity.com/rules/axe/2.2/color-contrast?application=webdriverjs)&#xA;">
        <![CDATA[Target: body > footer > .container-fluid > .row > .col-md-36 > .col-xs-36.col-sm-18.col-md-18 > h6:nth-of-type(2)

HTML: <h6 class="visible-xs visible-sm hidden-md hidden-lg" style="">Praça da Sé, s/nº - Cep 01018-010 - São Paulo (SP) - PABX: (11) 3117-2200</h6>

Summary:
Fix any of the following:
    • Element has insufficient color contrast of 3.94 (foreground color: #808080, background color: #ffffff, font size: 9.0pt, font weight: normal)
]]>
      </failure>
    </testcase>
    <testcase classname="http://tst01.tjsp.jus.br/RHF/RecepcaoDocumentos/Candidato.color-contrast" name="body > footer > .container-fluid > .row > .col-md-36 > .col-xs-36.col-sm-18.col-md-18 > h6:nth-of-type(3)">
      <failure message="Elements must have sufficient color contrast (https://dequeuniversity.com/rules/axe/2.2/color-contrast?application=webdriverjs)&#xA;">
        <![CDATA[Target: body > footer > .container-fluid > .row > .col-md-36 > .col-xs-36.col-sm-18.col-md-18 > h6:nth-of-type(3)

HTML: <h6 class="visible-xs visible-sm hidden-md hidden-lg" style="">© 2017 - Secretaria de Tecnologia da Informação (STI) - Todos os direitos reservados.</h6>

Summary:
Fix any of the following:
    • Element has insufficient color contrast of 3.94 (foreground color: #808080, background color: #ffffff, font size: 9.0pt, font weight: normal)
]]>
      </failure>
    </testcase>
    <testcase classname="http://tst01.tjsp.jus.br/RHF/RecepcaoDocumentos/Candidato.color-contrast" name="body > footer > .container-fluid > .row > .col-md-36 > .col-xs-36.col-sm-18.col-md-18 > h6:nth-of-type(4)">
      <failure message="Elements must have sufficient color contrast (https://dequeuniversity.com/rules/axe/2.2/color-contrast?application=webdriverjs)&#xA;">
        <![CDATA[Target: body > footer > .container-fluid > .row > .col-md-36 > .col-xs-36.col-sm-18.col-md-18 > h6:nth-of-type(4)

HTML: <h6 class="visible-xs visible-sm hidden-md hidden-lg" style="">© 2017 - MPS Informática</h6>

Summary:
Fix any of the following:
    • Element has insufficient color contrast of 3.94 (foreground color: #808080, background color: #ffffff, font size: 9.0pt, font weight: normal)
]]>
      </failure>
    </testcase>
    <testcase classname="http://tst01.tjsp.jus.br/RHF/RecepcaoDocumentos/Candidato.image-alt" name="body > div:nth-of-type(1) > .container-fluid > .row > .col-md-35.col-md-offset-1 > .row > div:nth-of-type(1) > img">
      <failure message="Images must have alternate text (https://dequeuniversity.com/rules/axe/2.2/image-alt?application=webdriverjs)&#xA;">
        <![CDATA[Target: body > div:nth-of-type(1) > .container-fluid > .row > .col-md-35.col-md-offset-1 > .row > div:nth-of-type(1) > img

HTML: <img src="/RHF/RecepcaoDocumentos/Content/images/LogoTJSPsmall.png">

Summary:
Fix any of the following:
    • Element does not have an alt attribute
    • aria-label attribute does not exist or is empty
    • aria-labelledby attribute does not exist, references elements that do not exist or references elements that are empty or not visible
    • Element has no title attribute or the title attribute is empty
    • Element's default semantics were not overridden with role="presentation"
    • Element's default semantics were not overridden with role="none"
]]>
      </failure>
    </testcase>
    <testcase classname="http://tst01.tjsp.jus.br/RHF/RecepcaoDocumentos/Candidato.image-alt" name="body > footer > .container-fluid > .row > .col-md-36 > .col-xs-36.col-sm-9.col-md-9 > .img-responsive.center-block">
      <failure message="Images must have alternate text (https://dequeuniversity.com/rules/axe/2.2/image-alt?application=webdriverjs)&#xA;">
        <![CDATA[Target: body > footer > .container-fluid > .row > .col-md-36 > .col-xs-36.col-sm-9.col-md-9 > .img-responsive.center-block

HTML: <img class="img-responsive center-block" src="/RHF/RecepcaoDocumentos/Content/images/LogoTJSPsmall.png">

Summary:
Fix any of the following:
    • Element does not have an alt attribute
    • aria-label attribute does not exist or is empty
    • aria-labelledby attribute does not exist, references elements that do not exist or references elements that are empty or not visible
    • Element has no title attribute or the title attribute is empty
    • Element's default semantics were not overridden with role="presentation"
    • Element's default semantics were not overridden with role="none"
]]>
      </failure>
    </testcase>
    <testcase classname="http://tst01.tjsp.jus.br/RHF/RecepcaoDocumentos/Candidato.aria-allowed-attr" name="body > div:nth-of-type(3) > .row > .panel.panel-default > .panel-body > .panel-group"/>
    <testcase classname="http://tst01.tjsp.jus.br/RHF/RecepcaoDocumentos/Candidato.aria-allowed-attr" name="#headingconcurso187 > .panel-title > a"/>
    <testcase classname="http://tst01.tjsp.jus.br/RHF/RecepcaoDocumentos/Candidato.aria-allowed-attr" name="#collapseconcurso187"/>
    <testcase classname="http://tst01.tjsp.jus.br/RHF/RecepcaoDocumentos/Candidato.aria-required-attr" name="body > div:nth-of-type(3) > .row > .panel.panel-default > .panel-body > .panel-group"/>
    <testcase classname="http://tst01.tjsp.jus.br/RHF/RecepcaoDocumentos/Candidato.aria-required-attr" name="#headingconcurso187"/>
    <testcase classname="http://tst01.tjsp.jus.br/RHF/RecepcaoDocumentos/Candidato.aria-required-attr" name="#headingconcurso187 > .panel-title > a"/>
    <testcase classname="http://tst01.tjsp.jus.br/RHF/RecepcaoDocumentos/Candidato.aria-required-attr" name="#collapseconcurso187"/>
    <testcase classname="http://tst01.tjsp.jus.br/RHF/RecepcaoDocumentos/Candidato.aria-required-children" name="body > div:nth-of-type(3) > .row > .panel.panel-default > .panel-body > .panel-group"/>
    <testcase classname="http://tst01.tjsp.jus.br/RHF/RecepcaoDocumentos/Candidato.aria-required-children" name="#headingconcurso187"/>
    <testcase classname="http://tst01.tjsp.jus.br/RHF/RecepcaoDocumentos/Candidato.aria-required-children" name="#headingconcurso187 > .panel-title > a"/>
    <testcase classname="http://tst01.tjsp.jus.br/RHF/RecepcaoDocumentos/Candidato.aria-required-children" name="#collapseconcurso187"/>
    <testcase classname="http://tst01.tjsp.jus.br/RHF/RecepcaoDocumentos/Candidato.aria-required-parent" name="body > div:nth-of-type(3) > .row > .panel.panel-default > .panel-body > .panel-group"/>
    <testcase classname="http://tst01.tjsp.jus.br/RHF/RecepcaoDocumentos/Candidato.aria-required-parent" name="#headingconcurso187"/>
    <testcase classname="http://tst01.tjsp.jus.br/RHF/RecepcaoDocumentos/Candidato.aria-required-parent" name="#headingconcurso187 > .panel-title > a"/>
    <testcase classname="http://tst01.tjsp.jus.br/RHF/RecepcaoDocumentos/Candidato.aria-required-parent" name="#collapseconcurso187"/>
    <testcase classname="http://tst01.tjsp.jus.br/RHF/RecepcaoDocumentos/Candidato.aria-roles" name="body > div:nth-of-type(3) > .row > .panel.panel-default > .panel-body > .panel-group"/>
    <testcase classname="http://tst01.tjsp.jus.br/RHF/RecepcaoDocumentos/Candidato.aria-roles" name="#headingconcurso187"/>
    <testcase classname="http://tst01.tjsp.jus.br/RHF/RecepcaoDocumentos/Candidato.aria-roles" name="#headingconcurso187 > .panel-title > a"/>
    <testcase classname="http://tst01.tjsp.jus.br/RHF/RecepcaoDocumentos/Candidato.aria-roles" name="#collapseconcurso187"/>
    <testcase classname="http://tst01.tjsp.jus.br/RHF/RecepcaoDocumentos/Candidato.aria-valid-attr-value" name="body > div:nth-of-type(3) > .row > .panel.panel-default > .panel-body > .panel-group"/>
    <testcase classname="http://tst01.tjsp.jus.br/RHF/RecepcaoDocumentos/Candidato.aria-valid-attr-value" name="#collapseconcurso187"/>
    <testcase classname="http://tst01.tjsp.jus.br/RHF/RecepcaoDocumentos/Candidato.aria-valid-attr" name="body > div:nth-of-type(3) > .row > .panel.panel-default > .panel-body > .panel-group"/>
    <testcase classname="http://tst01.tjsp.jus.br/RHF/RecepcaoDocumentos/Candidato.aria-valid-attr" name="#headingconcurso187 > .panel-title > a"/>
    <testcase classname="http://tst01.tjsp.jus.br/RHF/RecepcaoDocumentos/Candidato.aria-valid-attr" name="#collapseconcurso187"/>
    <testcase classname="http://tst01.tjsp.jus.br/RHF/RecepcaoDocumentos/Candidato.button-name" name="#fixed-nav > .container-fluid > .navbar-header > .navbar-toggle"/>
    <testcase classname="http://tst01.tjsp.jus.br/RHF/RecepcaoDocumentos/Candidato.button-name" name="#headingconcurso187 > .panel-title > a"/>
    <testcase classname="http://tst01.tjsp.jus.br/RHF/RecepcaoDocumentos/Candidato.bypass" name=".js.flexbox.flexboxlegacy.canvas.canvastext.no-webgl.touch.no-geolocation.postmessage.websqldatabase.indexeddb.hashchange.history.draganddrop.websockets.rgba.hsla.multiplebgs.backgroundsize.borderimage.borderradius.boxshadow.textshadow.opacity.cssanimations.csscolumns.cssgradients.cssreflections.csstransforms.csstransforms3d.csstransitions.fontface.generatedcontent.no-video.no-audio.localstorage.sessionstorage.webworkers.applicationcache.svg.inlinesvg.smil.svgclippaths"/>
    <testcase classname="http://tst01.tjsp.jus.br/RHF/RecepcaoDocumentos/Candidato.color-contrast" name="body > div:nth-of-type(1) > .container-fluid > .row > .col-md-35.col-md-offset-1 > .row > .name.col-md-12 > h1"/>
    <testcase classname="http://tst01.tjsp.jus.br/RHF/RecepcaoDocumentos/Candidato.color-contrast" name="body > div:nth-of-type(1) > .container-fluid > .row > .col-md-35.col-md-offset-1 > .row > .name.col-md-12 > h3"/>
    <testcase classname="http://tst01.tjsp.jus.br/RHF/RecepcaoDocumentos/Candidato.color-contrast" name="body > div:nth-of-type(1) > .container-fluid > .row > .col-md-35.col-md-offset-1 > .row > .col-md-12.text-right > .dropdown-toggle > b"/>
    <testcase classname="http://tst01.tjsp.jus.br/RHF/RecepcaoDocumentos/Candidato.color-contrast" name="body > div:nth-of-type(3) > .row > .jumbotron > h4"/>
    <testcase classname="http://tst01.tjsp.jus.br/RHF/RecepcaoDocumentos/Candidato.color-contrast" name="body > div:nth-of-type(3) > .row > .jumbotron > h5"/>
    <testcase classname="http://tst01.tjsp.jus.br/RHF/RecepcaoDocumentos/Candidato.color-contrast" name="#collapseconcurso187 > .panel-body > h5:nth-of-type(1)"/>
    <testcase classname="http://tst01.tjsp.jus.br/RHF/RecepcaoDocumentos/Candidato.color-contrast" name="#collapseconcurso187 > .panel-body > h5:nth-of-type(1) > a"/>
    <testcase classname="http://tst01.tjsp.jus.br/RHF/RecepcaoDocumentos/Candidato.color-contrast" name="#collapseconcurso187 > .panel-body > h5:nth-of-type(2)"/>
    <testcase classname="http://tst01.tjsp.jus.br/RHF/RecepcaoDocumentos/Candidato.color-contrast" name="#collapseconcurso187 > .panel-body > h5:nth-of-type(3)"/>
    <testcase classname="http://tst01.tjsp.jus.br/RHF/RecepcaoDocumentos/Candidato.color-contrast" name="#collapseconcurso187 > .panel-body > h5:nth-of-type(3) > a"/>
    <testcase classname="http://tst01.tjsp.jus.br/RHF/RecepcaoDocumentos/Candidato.document-title" name=".js.flexbox.flexboxlegacy.canvas.canvastext.no-webgl.touch.no-geolocation.postmessage.websqldatabase.indexeddb.hashchange.history.draganddrop.websockets.rgba.hsla.multiplebgs.backgroundsize.borderimage.borderradius.boxshadow.textshadow.opacity.cssanimations.csscolumns.cssgradients.cssreflections.csstransforms.csstransforms3d.csstransitions.fontface.generatedcontent.no-video.no-audio.localstorage.sessionstorage.webworkers.applicationcache.svg.inlinesvg.smil.svgclippaths"/>
    <testcase classname="http://tst01.tjsp.jus.br/RHF/RecepcaoDocumentos/Candidato.duplicate-id" name="#fixed-nav"/>
    <testcase classname="http://tst01.tjsp.jus.br/RHF/RecepcaoDocumentos/Candidato.duplicate-id" name="#headingconcurso187"/>
    <testcase classname="http://tst01.tjsp.jus.br/RHF/RecepcaoDocumentos/Candidato.duplicate-id" name="#collapseconcurso187"/>
    <testcase classname="http://tst01.tjsp.jus.br/RHF/RecepcaoDocumentos/Candidato.duplicate-id" name="#modalCarregando"/>
    <testcase classname="http://tst01.tjsp.jus.br/RHF/RecepcaoDocumentos/Candidato.duplicate-id" name="#modalCarregando-header"/>
    <testcase classname="http://tst01.tjsp.jus.br/RHF/RecepcaoDocumentos/Candidato.duplicate-id" name="#modalCarregando-body"/>
    <testcase classname="http://tst01.tjsp.jus.br/RHF/RecepcaoDocumentos/Candidato.duplicate-id" name="#modalCarregando-footer"/>
    <testcase classname="http://tst01.tjsp.jus.br/RHF/RecepcaoDocumentos/Candidato.empty-heading" name="body > div:nth-of-type(1) > .container-fluid > .row > .col-md-35.col-md-offset-1 > .row > .name.col-md-12 > h1"/>
    <testcase classname="http://tst01.tjsp.jus.br/RHF/RecepcaoDocumentos/Candidato.empty-heading" name="body > div:nth-of-type(1) > .container-fluid > .row > .col-md-35.col-md-offset-1 > .row > .name.col-md-12 > h3"/>
    <testcase classname="http://tst01.tjsp.jus.br/RHF/RecepcaoDocumentos/Candidato.empty-heading" name="body > div:nth-of-type(3) > .row > .jumbotron > h4"/>
    <testcase classname="http://tst01.tjsp.jus.br/RHF/RecepcaoDocumentos/Candidato.empty-heading" name="body > div:nth-of-type(3) > .row > .jumbotron > h5"/>
    <testcase classname="http://tst01.tjsp.jus.br/RHF/RecepcaoDocumentos/Candidato.empty-heading" name="#headingconcurso187 > .panel-title"/>
    <testcase classname="http://tst01.tjsp.jus.br/RHF/RecepcaoDocumentos/Candidato.empty-heading" name="#collapseconcurso187 > .panel-body > h5:nth-of-type(1)"/>
    <testcase classname="http://tst01.tjsp.jus.br/RHF/RecepcaoDocumentos/Candidato.empty-heading" name="#collapseconcurso187 > .panel-body > h5:nth-of-type(2)"/>
    <testcase classname="http://tst01.tjsp.jus.br/RHF/RecepcaoDocumentos/Candidato.empty-heading" name="#collapseconcurso187 > .panel-body > h5:nth-of-type(3)"/>
    <testcase classname="http://tst01.tjsp.jus.br/RHF/RecepcaoDocumentos/Candidato.empty-heading" name="body > footer > .container-fluid > .row > .col-md-36 > .col-xs-36.col-sm-18.col-md-18 > h6:nth-of-type(1)"/>
    <testcase classname="http://tst01.tjsp.jus.br/RHF/RecepcaoDocumentos/Candidato.empty-heading" name="body > footer > .container-fluid > .row > .col-md-36 > .col-xs-36.col-sm-18.col-md-18 > h6:nth-of-type(2)"/>
    <testcase classname="http://tst01.tjsp.jus.br/RHF/RecepcaoDocumentos/Candidato.empty-heading" name="body > footer > .container-fluid > .row > .col-md-36 > .col-xs-36.col-sm-18.col-md-18 > h6:nth-of-type(3)"/>
    <testcase classname="http://tst01.tjsp.jus.br/RHF/RecepcaoDocumentos/Candidato.empty-heading" name="body > footer > .container-fluid > .row > .col-md-36 > .col-xs-36.col-sm-18.col-md-18 > h6:nth-of-type(4)"/>
    <testcase classname="http://tst01.tjsp.jus.br/RHF/RecepcaoDocumentos/Candidato.html-has-lang" name=".js.flexbox.flexboxlegacy.canvas.canvastext.no-webgl.touch.no-geolocation.postmessage.websqldatabase.indexeddb.hashchange.history.draganddrop.websockets.rgba.hsla.multiplebgs.backgroundsize.borderimage.borderradius.boxshadow.textshadow.opacity.cssanimations.csscolumns.cssgradients.cssreflections.csstransforms.csstransforms3d.csstransitions.fontface.generatedcontent.no-video.no-audio.localstorage.sessionstorage.webworkers.applicationcache.svg.inlinesvg.smil.svgclippaths"/>
    <testcase classname="http://tst01.tjsp.jus.br/RHF/RecepcaoDocumentos/Candidato.html-lang-valid" name=".js.flexbox.flexboxlegacy.canvas.canvastext.no-webgl.touch.no-geolocation.postmessage.websqldatabase.indexeddb.hashchange.history.draganddrop.websockets.rgba.hsla.multiplebgs.backgroundsize.borderimage.borderradius.boxshadow.textshadow.opacity.cssanimations.csscolumns.cssgradients.cssreflections.csstransforms.csstransforms3d.csstransitions.fontface.generatedcontent.no-video.no-audio.localstorage.sessionstorage.webworkers.applicationcache.svg.inlinesvg.smil.svgclippaths"/>
    <testcase classname="http://tst01.tjsp.jus.br/RHF/RecepcaoDocumentos/Candidato.image-alt" name="body > footer > .container-fluid > .row > .col-md-36 > .col-xs-21.col-sm-9.col-md-9 > .pull-right"/>
    <testcase classname="http://tst01.tjsp.jus.br/RHF/RecepcaoDocumentos/Candidato.image-redundant-alt" name="#fixed-nav > .container-fluid > .navbar-header > .navbar-toggle"/>
    <testcase classname="http://tst01.tjsp.jus.br/RHF/RecepcaoDocumentos/Candidato.image-redundant-alt" name="#headingconcurso187 > .panel-title > a"/>
    <testcase classname="http://tst01.tjsp.jus.br/RHF/RecepcaoDocumentos/Candidato.image-redundant-alt" name="#collapseconcurso187 > .panel-body > h5:nth-of-type(1) > a"/>
    <testcase classname="http://tst01.tjsp.jus.br/RHF/RecepcaoDocumentos/Candidato.image-redundant-alt" name="#collapseconcurso187 > .panel-body > h5:nth-of-type(2) > a"/>
    <testcase classname="http://tst01.tjsp.jus.br/RHF/RecepcaoDocumentos/Candidato.image-redundant-alt" name="#collapseconcurso187 > .panel-body > h5:nth-of-type(3) > a"/>
    <testcase classname="http://tst01.tjsp.jus.br/RHF/RecepcaoDocumentos/Candidato.link-name" name="#collapseconcurso187 > .panel-body > h5:nth-of-type(1) > a"/>
    <testcase classname="http://tst01.tjsp.jus.br/RHF/RecepcaoDocumentos/Candidato.link-name" name="#collapseconcurso187 > .panel-body > h5:nth-of-type(2) > a"/>
    <testcase classname="http://tst01.tjsp.jus.br/RHF/RecepcaoDocumentos/Candidato.link-name" name="#collapseconcurso187 > .panel-body > h5:nth-of-type(3) > a"/>
    <testcase classname="http://tst01.tjsp.jus.br/RHF/RecepcaoDocumentos/Candidato.meta-viewport-large" name=".js.flexbox.flexboxlegacy.canvas.canvastext.no-webgl.touch.no-geolocation.postmessage.websqldatabase.indexeddb.hashchange.history.draganddrop.websockets.rgba.hsla.multiplebgs.backgroundsize.borderimage.borderradius.boxshadow.textshadow.opacity.cssanimations.csscolumns.cssgradients.cssreflections.csstransforms.csstransforms3d.csstransitions.fontface.generatedcontent.no-video.no-audio.localstorage.sessionstorage.webworkers.applicationcache.svg.inlinesvg.smil.svgclippaths > head > meta:nth-of-type(3)"/>
    <testcase classname="http://tst01.tjsp.jus.br/RHF/RecepcaoDocumentos/Candidato.meta-viewport" name=".js.flexbox.flexboxlegacy.canvas.canvastext.no-webgl.touch.no-geolocation.postmessage.websqldatabase.indexeddb.hashchange.history.draganddrop.websockets.rgba.hsla.multiplebgs.backgroundsize.borderimage.borderradius.boxshadow.textshadow.opacity.cssanimations.csscolumns.cssgradients.cssreflections.csstransforms.csstransforms3d.csstransitions.fontface.generatedcontent.no-video.no-audio.localstorage.sessionstorage.webworkers.applicationcache.svg.inlinesvg.smil.svgclippaths > head > meta:nth-of-type(3)"/>
  </testsuite>
  <testsuite name="http://tst01.tjsp.jus.br/RHF/RecepcaoDocumentos/Candidato/EnvioCandidato" timestamp="1496090625331" time="1601" tests="150" failures="29" errors="0" skipped="0">
    <testcase classname="http://tst01.tjsp.jus.br/RHF/RecepcaoDocumentos/Candidato/EnvioCandidato.color-contrast" name="#form0 > .row > .col-md-3 > .btn.btn-success">
      <failure message="Elements must have sufficient color contrast (https://dequeuniversity.com/rules/axe/2.2/color-contrast?application=webdriverjs)&#xA;">
        <![CDATA[Target: #form0 > .row > .col-md-3 > .btn.btn-success

HTML: <button class="btn btn-success" type="submit" id="btnEnviar" style="">
                    <span class="glyphicon glyphicon-plus"></span> Enviar
                </button>

Summary:
Fix any of the following:
    • Element has insufficient color contrast of 2.48 (foreground color: #ffffff, background color: #5cb85c, font size: 10.5pt, font weight: normal)
    Related Nodes:
        ◦ #form0 > .row > .col-md-3 > .btn.btn-success]]>
      </failure>
    </testcase>
    <testcase classname="http://tst01.tjsp.jus.br/RHF/RecepcaoDocumentos/Candidato/EnvioCandidato.color-contrast" name="#form1 > div:nth-of-type(1) > div:nth-of-type(3) > .btn.btn-success">
      <failure message="Elements must have sufficient color contrast (https://dequeuniversity.com/rules/axe/2.2/color-contrast?application=webdriverjs)&#xA;">
        <![CDATA[Target: #form1 > div:nth-of-type(1) > div:nth-of-type(3) > .btn.btn-success

HTML: <button class="btn btn-success" type="submit" id="btnEnviar" style="">
                    <span class="glyphicon glyphicon-plus"></span> Enviar
                </button>

Summary:
Fix any of the following:
    • Element has insufficient color contrast of 2.48 (foreground color: #ffffff, background color: #5cb85c, font size: 10.5pt, font weight: normal)
    Related Nodes:
        ◦ #form1 > div:nth-of-type(1) > div:nth-of-type(3) > .btn.btn-success]]>
      </failure>
    </testcase>
    <testcase classname="http://tst01.tjsp.jus.br/RHF/RecepcaoDocumentos/Candidato/EnvioCandidato.color-contrast" name="#form1 > div:nth-of-type(1) > div:nth-of-type(5) > .btn.btn-info.btnDetalhes">
      <failure message="Elements must have sufficient color contrast (https://dequeuniversity.com/rules/axe/2.2/color-contrast?application=webdriverjs)&#xA;">
        <![CDATA[Target: #form1 > div:nth-of-type(1) > div:nth-of-type(5) > .btn.btn-info.btnDetalhes

HTML: <button class="btn btn-info btnDetalhes" type="button" data-enviocandidato="738818523" data-descricaotipopeca="Posse - RG" style="">
                        <span class="glyphicon glyphicon-eye-open"></span> Detalhes
                    </button>

Summary:
Fix any of the following:
    • Element has insufficient color contrast of 2.09 (foreground color: #ffffff, background color: #5bc0de, font size: 10.5pt, font weight: normal)
    Related Nodes:
        ◦ #form1 > div:nth-of-type(1) > div:nth-of-type(5) > .btn.btn-info.btnDetalhes]]>
      </failure>
    </testcase>
    <testcase classname="http://tst01.tjsp.jus.br/RHF/RecepcaoDocumentos/Candidato/EnvioCandidato.color-contrast" name="#form2 > .row > div:nth-of-type(3) > .btn.btn-success">
      <failure message="Elements must have sufficient color contrast (https://dequeuniversity.com/rules/axe/2.2/color-contrast?application=webdriverjs)&#xA;">
        <![CDATA[Target: #form2 > .row > div:nth-of-type(3) > .btn.btn-success

HTML: <button class="btn btn-success" type="submit" id="btnEnviar" style="">
                    <span class="glyphicon glyphicon-plus"></span> Enviar
                </button>

Summary:
Fix any of the following:
    • Element has insufficient color contrast of 2.48 (foreground color: #ffffff, background color: #5cb85c, font size: 10.5pt, font weight: normal)
    Related Nodes:
        ◦ #form2 > .row > div:nth-of-type(3) > .btn.btn-success]]>
      </failure>
    </testcase>
    <testcase classname="http://tst01.tjsp.jus.br/RHF/RecepcaoDocumentos/Candidato/EnvioCandidato.color-contrast" name="#form2 > .row > div:nth-of-type(5) > .btn.btn-info.btnDetalhes">
      <failure message="Elements must have sufficient color contrast (https://dequeuniversity.com/rules/axe/2.2/color-contrast?application=webdriverjs)&#xA;">
        <![CDATA[Target: #form2 > .row > div:nth-of-type(5) > .btn.btn-info.btnDetalhes

HTML: <button class="btn btn-info btnDetalhes" type="button" data-enviocandidato="470383067" data-descricaotipopeca="Posse - CPF" style="">
                        <span class="glyphicon glyphicon-eye-open"></span> Detalhes
                    </button>

Summary:
Fix any of the following:
    • Element has insufficient color contrast of 2.09 (foreground color: #ffffff, background color: #5bc0de, font size: 10.5pt, font weight: normal)
    Related Nodes:
        ◦ #form2 > .row > div:nth-of-type(5) > .btn.btn-info.btnDetalhes]]>
      </failure>
    </testcase>
    <testcase classname="http://tst01.tjsp.jus.br/RHF/RecepcaoDocumentos/Candidato/EnvioCandidato.color-contrast" name="#tableAguardandoAprovacao > tbody > tr > td:nth-of-type(5) > .btn.btn-info.btnDetalhes">
      <failure message="Elements must have sufficient color contrast (https://dequeuniversity.com/rules/axe/2.2/color-contrast?application=webdriverjs)&#xA;">
        <![CDATA[Target: #tableAguardandoAprovacao > tbody > tr > td:nth-of-type(5) > .btn.btn-info.btnDetalhes

HTML: <button class="btn btn-info btnDetalhes" type="button" data-descricaotipopeca="Posse - PIS/PASEP" data-enviocandidato="302610907" style="">
                    <span class="glyphicon glyphicon-eye-open"></span> Detalhes
                </button>

Summary:
Fix any of the following:
    • Element has insufficient color contrast of 2.09 (foreground color: #ffffff, background color: #5bc0de, font size: 10.5pt, font weight: normal)
    Related Nodes:
        ◦ #tableAguardandoAprovacao > tbody > tr > td:nth-of-type(5) > .btn.btn-info.btnDetalhes]]>
      </failure>
    </testcase>
    <testcase classname="http://tst01.tjsp.jus.br/RHF/RecepcaoDocumentos/Candidato/EnvioCandidato.color-contrast" name="body > footer > .container-fluid > .row > .col-md-36 > .col-xs-36.col-sm-18.col-md-18 > h6:nth-of-type(1)">
      <failure message="Elements must have sufficient color contrast (https://dequeuniversity.com/rules/axe/2.2/color-contrast?application=webdriverjs)&#xA;">
        <![CDATA[Target: body > footer > .container-fluid > .row > .col-md-36 > .col-xs-36.col-sm-18.col-md-18 > h6:nth-of-type(1)

HTML: <h6 class="visible-xs visible-sm hidden-md hidden-lg" style="">Tribunal de Justiça de São Paulo</h6>

Summary:
Fix any of the following:
    • Element has insufficient color contrast of 3.5 (foreground color: #808080, background color: #f2f1f1, font size: 9.0pt, font weight: normal)
    Related Nodes:
        ◦ body > footer]]>
      </failure>
    </testcase>
    <testcase classname="http://tst01.tjsp.jus.br/RHF/RecepcaoDocumentos/Candidato/EnvioCandidato.color-contrast" name="body > footer > .container-fluid > .row > .col-md-36 > .col-xs-36.col-sm-18.col-md-18 > h6:nth-of-type(2)">
      <failure message="Elements must have sufficient color contrast (https://dequeuniversity.com/rules/axe/2.2/color-contrast?application=webdriverjs)&#xA;">
        <![CDATA[Target: body > footer > .container-fluid > .row > .col-md-36 > .col-xs-36.col-sm-18.col-md-18 > h6:nth-of-type(2)

HTML: <h6 class="visible-xs visible-sm hidden-md hidden-lg" style="">Praça da Sé, s/nº - Cep 01018-010 - São Paulo (SP) - PABX: (11) 3117-2200</h6>

Summary:
Fix any of the following:
    • Element has insufficient color contrast of 3.94 (foreground color: #808080, background color: #ffffff, font size: 9.0pt, font weight: normal)
]]>
      </failure>
    </testcase>
    <testcase classname="http://tst01.tjsp.jus.br/RHF/RecepcaoDocumentos/Candidato/EnvioCandidato.color-contrast" name="body > footer > .container-fluid > .row > .col-md-36 > .col-xs-36.col-sm-18.col-md-18 > h6:nth-of-type(3)">
      <failure message="Elements must have sufficient color contrast (https://dequeuniversity.com/rules/axe/2.2/color-contrast?application=webdriverjs)&#xA;">
        <![CDATA[Target: body > footer > .container-fluid > .row > .col-md-36 > .col-xs-36.col-sm-18.col-md-18 > h6:nth-of-type(3)

HTML: <h6 class="visible-xs visible-sm hidden-md hidden-lg" style="">© 2017 - Secretaria de Tecnologia da Informação (STI) - Todos os direitos reservados.</h6>

Summary:
Fix any of the following:
    • Element has insufficient color contrast of 3.94 (foreground color: #808080, background color: #ffffff, font size: 9.0pt, font weight: normal)
]]>
      </failure>
    </testcase>
    <testcase classname="http://tst01.tjsp.jus.br/RHF/RecepcaoDocumentos/Candidato/EnvioCandidato.color-contrast" name="body > footer > .container-fluid > .row > .col-md-36 > .col-xs-36.col-sm-18.col-md-18 > h6:nth-of-type(4)">
      <failure message="Elements must have sufficient color contrast (https://dequeuniversity.com/rules/axe/2.2/color-contrast?application=webdriverjs)&#xA;">
        <![CDATA[Target: body > footer > .container-fluid > .row > .col-md-36 > .col-xs-36.col-sm-18.col-md-18 > h6:nth-of-type(4)

HTML: <h6 class="visible-xs visible-sm hidden-md hidden-lg" style="">© 2017 - MPS Informática</h6>

Summary:
Fix any of the following:
    • Element has insufficient color contrast of 3.94 (foreground color: #808080, background color: #ffffff, font size: 9.0pt, font weight: normal)
]]>
      </failure>
    </testcase>
    <testcase classname="http://tst01.tjsp.jus.br/RHF/RecepcaoDocumentos/Candidato/EnvioCandidato.duplicate-id" name="#form0 > input:nth-of-type(1)">
      <failure message="id attribute value must be unique (https://dequeuniversity.com/rules/axe/2.2/duplicate-id?application=webdriverjs)&#xA;">
        <![CDATA[Target: #form0 > input:nth-of-type(1)

HTML: <input id="EnvioCandidato_ProcessoGED" name="EnvioCandidato.ProcessoGED" type="hidden" value="00000143/2017">

Summary:
Fix any of the following:
    • Document has multiple elements with the same id attribute: EnvioCandidato_ProcessoGED
    Related Nodes:
        ◦ #form1 > input:nth-of-type(1)        ◦ #form2 > input:nth-of-type(1)]]>
      </failure>
    </testcase>
    <testcase classname="http://tst01.tjsp.jus.br/RHF/RecepcaoDocumentos/Candidato/EnvioCandidato.duplicate-id" name="#form0 > input:nth-of-type(2)">
      <failure message="id attribute value must be unique (https://dequeuniversity.com/rules/axe/2.2/duplicate-id?application=webdriverjs)&#xA;">
        <![CDATA[Target: #form0 > input:nth-of-type(2)

HTML: <input id="EnvioCandidato_IdTipoPecaGED" name="EnvioCandidato.IdTipoPecaGED" type="hidden" value="35">

Summary:
Fix any of the following:
    • Document has multiple elements with the same id attribute: EnvioCandidato_IdTipoPecaGED
    Related Nodes:
        ◦ #form1 > input:nth-of-type(2)        ◦ #form2 > input:nth-of-type(2)]]>
      </failure>
    </testcase>
    <testcase classname="http://tst01.tjsp.jus.br/RHF/RecepcaoDocumentos/Candidato/EnvioCandidato.duplicate-id" name="#form0 > input:nth-of-type(3)">
      <failure message="id attribute value must be unique (https://dequeuniversity.com/rules/axe/2.2/duplicate-id?application=webdriverjs)&#xA;">
        <![CDATA[Target: #form0 > input:nth-of-type(3)

HTML: <input id="EnvioCandidato_ProcessoCod" name="EnvioCandidato.ProcessoCod" type="hidden" value="187">

Summary:
Fix any of the following:
    • Document has multiple elements with the same id attribute: EnvioCandidato_ProcessoCod
    Related Nodes:
        ◦ #form1 > input:nth-of-type(3)        ◦ #form2 > input:nth-of-type(3)]]>
      </failure>
    </testcase>
    <testcase classname="http://tst01.tjsp.jus.br/RHF/RecepcaoDocumentos/Candidato/EnvioCandidato.duplicate-id" name="#form0 > input:nth-of-type(4)">
      <failure message="id attribute value must be unique (https://dequeuniversity.com/rules/axe/2.2/duplicate-id?application=webdriverjs)&#xA;">
        <![CDATA[Target: #form0 > input:nth-of-type(4)

HTML: <input id="EnvioCandidato_ProcessoCargoCod" name="EnvioCandidato.ProcessoCargoCod" type="hidden" value="121400">

Summary:
Fix any of the following:
    • Document has multiple elements with the same id attribute: EnvioCandidato_ProcessoCargoCod
    Related Nodes:
        ◦ #form1 > input:nth-of-type(4)        ◦ #form2 > input:nth-of-type(4)]]>
      </failure>
    </testcase>
    <testcase classname="http://tst01.tjsp.jus.br/RHF/RecepcaoDocumentos/Candidato/EnvioCandidato.duplicate-id" name="#form0 > .row > .col-md-18 > .form-control">
      <failure message="id attribute value must be unique (https://dequeuniversity.com/rules/axe/2.2/duplicate-id?application=webdriverjs)&#xA;">
        <![CDATA[Target: #form0 > .row > .col-md-18 > .form-control

HTML: <input class="form-control" id="fileAnexo" name="EnvioCandidato.Arquivo" type="File" value="" style="">

Summary:
Fix any of the following:
    • Document has multiple elements with the same id attribute: fileAnexo
    Related Nodes:
        ◦ #form1 > div:nth-of-type(1) > .col-md-18 > .form-control        ◦ #form2 > .row > .col-md-18 > .form-control]]>
      </failure>
    </testcase>
    <testcase classname="http://tst01.tjsp.jus.br/RHF/RecepcaoDocumentos/Candidato/EnvioCandidato.duplicate-id" name="#form0 > .row > .col-md-18 > input:nth-of-type(2)">
      <failure message="id attribute value must be unique (https://dequeuniversity.com/rules/axe/2.2/duplicate-id?application=webdriverjs)&#xA;">
        <![CDATA[Target: #form0 > .row > .col-md-18 > input:nth-of-type(2)

HTML: <input id="EnvioCandidato_IdentificadorUsuario" name="EnvioCandidato.IdentificadorUsuario" type="hidden" value="33978834820">

Summary:
Fix any of the following:
    • Document has multiple elements with the same id attribute: EnvioCandidato_IdentificadorUsuario
    Related Nodes:
        ◦ #form1 > div:nth-of-type(1) > .col-md-18 > input:nth-of-type(2)        ◦ #form2 > .row > .col-md-18 > input:nth-of-type(2)]]>
      </failure>
    </testcase>
    <testcase classname="http://tst01.tjsp.jus.br/RHF/RecepcaoDocumentos/Candidato/EnvioCandidato.duplicate-id" name="#form0 > .row > .col-md-3 > .btn.btn-success">
      <failure message="id attribute value must be unique (https://dequeuniversity.com/rules/axe/2.2/duplicate-id?application=webdriverjs)&#xA;">
        <![CDATA[Target: #form0 > .row > .col-md-3 > .btn.btn-success

HTML: <button class="btn btn-success" type="submit" id="btnEnviar" style="">
                    <span class="glyphicon glyphicon-plus"></span> Enviar
                </button>

Summary:
Fix any of the following:
    • Document has multiple elements with the same id attribute: btnEnviar
    Related Nodes:
        ◦ #form1 > div:nth-of-type(1) > div:nth-of-type(3) > .btn.btn-success        ◦ #form2 > .row > div:nth-of-type(3) > .btn.btn-success]]>
      </failure>
    </testcase>
    <testcase classname="http://tst01.tjsp.jus.br/RHF/RecepcaoDocumentos/Candidato/EnvioCandidato.duplicate-id" name="#form0 > .row > .col-md-11.text-right > label">
      <failure message="id attribute value must be unique (https://dequeuniversity.com/rules/axe/2.2/duplicate-id?application=webdriverjs)&#xA;">
        <![CDATA[Target: #form0 > .row > .col-md-11.text-right > label

HTML: <label id="lblStatus" style="">Situação do documento: Aguardando envio</label>

Summary:
Fix any of the following:
    • Document has multiple elements with the same id attribute: lblStatus
    Related Nodes:
        ◦ #form1 > div:nth-of-type(1) > .col-md-11.text-right > label        ◦ #form2 > .row > .col-md-11.text-right > label]]>
      </failure>
    </testcase>
    <testcase classname="http://tst01.tjsp.jus.br/RHF/RecepcaoDocumentos/Candidato/EnvioCandidato.duplicate-id" name="#form1 > div:nth-of-type(1) > .col-md-18 > input:nth-of-type(3)">
      <failure message="id attribute value must be unique (https://dequeuniversity.com/rules/axe/2.2/duplicate-id?application=webdriverjs)&#xA;">
        <![CDATA[Target: #form1 > div:nth-of-type(1) > .col-md-18 > input:nth-of-type(3)

HTML: <input id="EnvioCandidato_Id" name="EnvioCandidato.Id" type="hidden" value="13">

Summary:
Fix any of the following:
    • Document has multiple elements with the same id attribute: EnvioCandidato_Id
    Related Nodes:
        ◦ #form2 > .row > .col-md-18 > input:nth-of-type(3)]]>
      </failure>
    </testcase>
    <testcase classname="http://tst01.tjsp.jus.br/RHF/RecepcaoDocumentos/Candidato/EnvioCandidato.image-alt" name="body > div:nth-of-type(1) > .container-fluid > .row > .col-md-35.col-md-offset-1 > .row > div:nth-of-type(1) > img">
      <failure message="Images must have alternate text (https://dequeuniversity.com/rules/axe/2.2/image-alt?application=webdriverjs)&#xA;">
        <![CDATA[Target: body > div:nth-of-type(1) > .container-fluid > .row > .col-md-35.col-md-offset-1 > .row > div:nth-of-type(1) > img

HTML: <img src="/RHF/RecepcaoDocumentos/Content/images/LogoTJSPsmall.png">

Summary:
Fix any of the following:
    • Element does not have an alt attribute
    • aria-label attribute does not exist or is empty
    • aria-labelledby attribute does not exist, references elements that do not exist or references elements that are empty or not visible
    • Element has no title attribute or the title attribute is empty
    • Element's default semantics were not overridden with role="presentation"
    • Element's default semantics were not overridden with role="none"
]]>
      </failure>
    </testcase>
    <testcase classname="http://tst01.tjsp.jus.br/RHF/RecepcaoDocumentos/Candidato/EnvioCandidato.image-alt" name="body > footer > .container-fluid > .row > .col-md-36 > .col-xs-36.col-sm-9.col-md-9 > .img-responsive.center-block">
      <failure message="Images must have alternate text (https://dequeuniversity.com/rules/axe/2.2/image-alt?application=webdriverjs)&#xA;">
        <![CDATA[Target: body > footer > .container-fluid > .row > .col-md-36 > .col-xs-36.col-sm-9.col-md-9 > .img-responsive.center-block

HTML: <img class="img-responsive center-block" src="/RHF/RecepcaoDocumentos/Content/images/LogoTJSPsmall.png">

Summary:
Fix any of the following:
    • Element does not have an alt attribute
    • aria-label attribute does not exist or is empty
    • aria-labelledby attribute does not exist, references elements that do not exist or references elements that are empty or not visible
    • Element has no title attribute or the title attribute is empty
    • Element's default semantics were not overridden with role="presentation"
    • Element's default semantics were not overridden with role="none"
]]>
      </failure>
    </testcase>
    <testcase classname="http://tst01.tjsp.jus.br/RHF/RecepcaoDocumentos/Candidato/EnvioCandidato.label" name="#concursoEscolhidoCod">
      <failure message="Form elements must have labels (https://dequeuniversity.com/rules/axe/2.2/label?application=webdriverjs)&#xA;">
        <![CDATA[Target: #concursoEscolhidoCod

HTML: <select class="form-control" data-val="true" data-val-number="The field ConcursoEscolhidoCod must be a number." id="concursoEscolhidoCod" name="concursoEscolhidoCod" onchange="buscarPendencias(this);" style="">

Summary:
Fix any of the following:
    • aria-label attribute does not exist or is empty
    • aria-labelledby attribute does not exist, references elements that do not exist or references elements that are empty or not visible
    • Form element does not have an implicit (wrapped) <label>
    • Form element does not have an explicit <label>
    • Element has no title attribute or the title attribute is empty
]]>
      </failure>
    </testcase>
    <testcase classname="http://tst01.tjsp.jus.br/RHF/RecepcaoDocumentos/Candidato/EnvioCandidato.label" name="#form0 > .row > .col-md-18 > .form-control">
      <failure message="Form elements must have labels (https://dequeuniversity.com/rules/axe/2.2/label?application=webdriverjs)&#xA;">
        <![CDATA[Target: #form0 > .row > .col-md-18 > .form-control

HTML: <input class="form-control" id="fileAnexo" name="EnvioCandidato.Arquivo" type="File" value="" style="">

Summary:
Fix any of the following:
    • aria-label attribute does not exist or is empty
    • aria-labelledby attribute does not exist, references elements that do not exist or references elements that are empty or not visible
    • Form element does not have an implicit (wrapped) <label>
    • Form element does not have an explicit <label>
    • Element has no title attribute or the title attribute is empty
]]>
      </failure>
    </testcase>
    <testcase classname="http://tst01.tjsp.jus.br/RHF/RecepcaoDocumentos/Candidato/EnvioCandidato.label" name="#form1 > div:nth-of-type(1) > .col-md-18 > .form-control">
      <failure message="Form elements must have labels (https://dequeuniversity.com/rules/axe/2.2/label?application=webdriverjs)&#xA;">
        <![CDATA[Target: #form1 > div:nth-of-type(1) > .col-md-18 > .form-control

HTML: <input class="form-control" id="fileAnexo" name="EnvioCandidato.Arquivo" type="File" value="" style="">

Summary:
Fix any of the following:
    • aria-label attribute does not exist or is empty
    • aria-labelledby attribute does not exist, references elements that do not exist or references elements that are empty or not visible
    • Form element does not have an implicit (wrapped) <label>
    • Form element does not have an explicit <label>
    • Element has no title attribute or the title attribute is empty
]]>
      </failure>
    </testcase>
    <testcase classname="http://tst01.tjsp.jus.br/RHF/RecepcaoDocumentos/Candidato/EnvioCandidato.label" name="#txtRG">
      <failure message="Form elements must have labels (https://dequeuniversity.com/rules/axe/2.2/label?application=webdriverjs)&#xA;">
        <![CDATA[Target: #txtRG

HTML: <input autocomplete="off" class="form-control" id="txtRG" maxlength="200" name="EnvioCandidato.NumeroRg" placeholder="Informe o número do RG" type="text" value="" style="">

Summary:
Fix any of the following:
    • aria-label attribute does not exist or is empty
    • aria-labelledby attribute does not exist, references elements that do not exist or references elements that are empty or not visible
    • Form element does not have an implicit (wrapped) <label>
    • Form element does not have an explicit <label>
    • Element has no title attribute or the title attribute is empty
]]>
      </failure>
    </testcase>
    <testcase classname="http://tst01.tjsp.jus.br/RHF/RecepcaoDocumentos/Candidato/EnvioCandidato.label" name="#dataExpedicaoRg">
      <failure message="Form elements must have labels (https://dequeuniversity.com/rules/axe/2.2/label?application=webdriverjs)&#xA;">
        <![CDATA[Target: #dataExpedicaoRg

HTML: <input class="form-control datetimepicker" id="dataExpedicaoRg" name="EnvioCandidato.DataExpedicaoRg" type="text" value="" style="">

Summary:
Fix any of the following:
    • aria-label attribute does not exist or is empty
    • aria-labelledby attribute does not exist, references elements that do not exist or references elements that are empty or not visible
    • Form element does not have an implicit (wrapped) <label>
    • Form element does not have an explicit <label>
    • Element has no title attribute or the title attribute is empty
]]>
      </failure>
    </testcase>
    <testcase classname="http://tst01.tjsp.jus.br/RHF/RecepcaoDocumentos/Candidato/EnvioCandidato.label" name="#orgaoEmissorRg">
      <failure message="Form elements must have labels (https://dequeuniversity.com/rules/axe/2.2/label?application=webdriverjs)&#xA;">
        <![CDATA[Target: #orgaoEmissorRg

HTML: <input autocomplete="off" class="form-control" id="orgaoEmissorRg" maxlength="200" name="EnvioCandidato.OrgaoEmissor" placeholder="Informe o órgão emissor do RG" type="text" value="" style="">

Summary:
Fix any of the following:
    • aria-label attribute does not exist or is empty
    • aria-labelledby attribute does not exist, references elements that do not exist or references elements that are empty or not visible
    • Form element does not have an implicit (wrapped) <label>
    • Form element does not have an explicit <label>
    • Element has no title attribute or the title attribute is empty
]]>
      </failure>
    </testcase>
    <testcase classname="http://tst01.tjsp.jus.br/RHF/RecepcaoDocumentos/Candidato/EnvioCandidato.label" name="#EnvioCandidato_Uf">
      <failure message="Form elements must have labels (https://dequeuniversity.com/rules/axe/2.2/label?application=webdriverjs)&#xA;">
        <![CDATA[Target: #EnvioCandidato_Uf

HTML: <select class="form-control" id="EnvioCandidato_Uf" name="EnvioCandidato.Uf" style="">

Summary:
Fix any of the following:
    • aria-label attribute does not exist or is empty
    • aria-labelledby attribute does not exist, references elements that do not exist or references elements that are empty or not visible
    • Form element does not have an implicit (wrapped) <label>
    • Form element does not have an explicit <label>
    • Element has no title attribute or the title attribute is empty
]]>
      </failure>
    </testcase>
    <testcase classname="http://tst01.tjsp.jus.br/RHF/RecepcaoDocumentos/Candidato/EnvioCandidato.label" name="#form2 > .row > .col-md-18 > .form-control">
      <failure message="Form elements must have labels (https://dequeuniversity.com/rules/axe/2.2/label?application=webdriverjs)&#xA;">
        <![CDATA[Target: #form2 > .row > .col-md-18 > .form-control

HTML: <input class="form-control" id="fileAnexo" name="EnvioCandidato.Arquivo" type="File" value="" style="">

Summary:
Fix any of the following:
    • aria-label attribute does not exist or is empty
    • aria-labelledby attribute does not exist, references elements that do not exist or references elements that are empty or not visible
    • Form element does not have an implicit (wrapped) <label>
    • Form element does not have an explicit <label>
    • Element has no title attribute or the title attribute is empty
]]>
      </failure>
    </testcase>
    <testcase classname="http://tst01.tjsp.jus.br/RHF/RecepcaoDocumentos/Candidato/EnvioCandidato.aria-required-attr" name="#formConcurso"/>
    <testcase classname="http://tst01.tjsp.jus.br/RHF/RecepcaoDocumentos/Candidato/EnvioCandidato.aria-required-attr" name="#form0"/>
    <testcase classname="http://tst01.tjsp.jus.br/RHF/RecepcaoDocumentos/Candidato/EnvioCandidato.aria-required-attr" name="#form1"/>
    <testcase classname="http://tst01.tjsp.jus.br/RHF/RecepcaoDocumentos/Candidato/EnvioCandidato.aria-required-attr" name="#form2"/>
    <testcase classname="http://tst01.tjsp.jus.br/RHF/RecepcaoDocumentos/Candidato/EnvioCandidato.aria-required-children" name="#formConcurso"/>
    <testcase classname="http://tst01.tjsp.jus.br/RHF/RecepcaoDocumentos/Candidato/EnvioCandidato.aria-required-children" name="#form0"/>
    <testcase classname="http://tst01.tjsp.jus.br/RHF/RecepcaoDocumentos/Candidato/EnvioCandidato.aria-required-children" name="#form1"/>
    <testcase classname="http://tst01.tjsp.jus.br/RHF/RecepcaoDocumentos/Candidato/EnvioCandidato.aria-required-children" name="#form2"/>
    <testcase classname="http://tst01.tjsp.jus.br/RHF/RecepcaoDocumentos/Candidato/EnvioCandidato.aria-required-parent" name="#formConcurso"/>
    <testcase classname="http://tst01.tjsp.jus.br/RHF/RecepcaoDocumentos/Candidato/EnvioCandidato.aria-required-parent" name="#form0"/>
    <testcase classname="http://tst01.tjsp.jus.br/RHF/RecepcaoDocumentos/Candidato/EnvioCandidato.aria-required-parent" name="#form1"/>
    <testcase classname="http://tst01.tjsp.jus.br/RHF/RecepcaoDocumentos/Candidato/EnvioCandidato.aria-required-parent" name="#form2"/>
    <testcase classname="http://tst01.tjsp.jus.br/RHF/RecepcaoDocumentos/Candidato/EnvioCandidato.aria-roles" name="#formConcurso"/>
    <testcase classname="http://tst01.tjsp.jus.br/RHF/RecepcaoDocumentos/Candidato/EnvioCandidato.aria-roles" name="#form0"/>
    <testcase classname="http://tst01.tjsp.jus.br/RHF/RecepcaoDocumentos/Candidato/EnvioCandidato.aria-roles" name="#form1"/>
    <testcase classname="http://tst01.tjsp.jus.br/RHF/RecepcaoDocumentos/Candidato/EnvioCandidato.aria-roles" name="#form2"/>
    <testcase classname="http://tst01.tjsp.jus.br/RHF/RecepcaoDocumentos/Candidato/EnvioCandidato.button-name" name="#fixed-nav > .container-fluid > .navbar-header > .navbar-toggle"/>
    <testcase classname="http://tst01.tjsp.jus.br/RHF/RecepcaoDocumentos/Candidato/EnvioCandidato.button-name" name="#form0 > .row > .col-md-3 > .btn.btn-success"/>
    <testcase classname="http://tst01.tjsp.jus.br/RHF/RecepcaoDocumentos/Candidato/EnvioCandidato.button-name" name="#form1 > div:nth-of-type(1) > div:nth-of-type(3) > .btn.btn-success"/>
    <testcase classname="http://tst01.tjsp.jus.br/RHF/RecepcaoDocumentos/Candidato/EnvioCandidato.button-name" name="#form1 > div:nth-of-type(1) > div:nth-of-type(5) > .btn.btn-info.btnDetalhes"/>
    <testcase classname="http://tst01.tjsp.jus.br/RHF/RecepcaoDocumentos/Candidato/EnvioCandidato.button-name" name="#form2 > .row > div:nth-of-type(3) > .btn.btn-success"/>
    <testcase classname="http://tst01.tjsp.jus.br/RHF/RecepcaoDocumentos/Candidato/EnvioCandidato.button-name" name="#form2 > .row > div:nth-of-type(5) > .btn.btn-info.btnDetalhes"/>
    <testcase classname="http://tst01.tjsp.jus.br/RHF/RecepcaoDocumentos/Candidato/EnvioCandidato.button-name" name="#tableAguardandoAprovacao > tbody > tr > td:nth-of-type(5) > .btn.btn-info.btnDetalhes"/>
    <testcase classname="http://tst01.tjsp.jus.br/RHF/RecepcaoDocumentos/Candidato/EnvioCandidato.bypass" name=".js.flexbox.flexboxlegacy.canvas.canvastext.no-webgl.touch.no-geolocation.postmessage.websqldatabase.indexeddb.hashchange.history.draganddrop.websockets.rgba.hsla.multiplebgs.backgroundsize.borderimage.borderradius.boxshadow.textshadow.opacity.cssanimations.csscolumns.cssgradients.cssreflections.csstransforms.csstransforms3d.csstransitions.fontface.generatedcontent.no-video.no-audio.localstorage.sessionstorage.webworkers.applicationcache.svg.inlinesvg.smil.svgclippaths"/>
    <testcase classname="http://tst01.tjsp.jus.br/RHF/RecepcaoDocumentos/Candidato/EnvioCandidato.color-contrast" name="body > div:nth-of-type(1) > .container-fluid > .row > .col-md-35.col-md-offset-1 > .row > .name.col-md-12 > h1"/>
    <testcase classname="http://tst01.tjsp.jus.br/RHF/RecepcaoDocumentos/Candidato/EnvioCandidato.color-contrast" name="body > div:nth-of-type(1) > .container-fluid > .row > .col-md-35.col-md-offset-1 > .row > .name.col-md-12 > h3"/>
    <testcase classname="http://tst01.tjsp.jus.br/RHF/RecepcaoDocumentos/Candidato/EnvioCandidato.color-contrast" name="body > div:nth-of-type(1) > .container-fluid > .row > .col-md-35.col-md-offset-1 > .row > .col-md-12.text-right > .dropdown-toggle > b"/>
    <testcase classname="http://tst01.tjsp.jus.br/RHF/RecepcaoDocumentos/Candidato/EnvioCandidato.color-contrast" name="body > div:nth-of-type(3) > div:nth-of-type(1) > .panel.panel-default > .panel-body > h4"/>
    <testcase classname="http://tst01.tjsp.jus.br/RHF/RecepcaoDocumentos/Candidato/EnvioCandidato.color-contrast" name="body > div:nth-of-type(3) > div:nth-of-type(1) > .panel.panel-default > .panel-body > h5"/>
    <testcase classname="http://tst01.tjsp.jus.br/RHF/RecepcaoDocumentos/Candidato/EnvioCandidato.color-contrast" name="#concursoEscolhidoCod"/>
    <testcase classname="http://tst01.tjsp.jus.br/RHF/RecepcaoDocumentos/Candidato/EnvioCandidato.color-contrast" name="body > div:nth-of-type(3) > div:nth-of-type(2) > div:nth-of-type(1) > .panel-body > .jumbotron > h4"/>
    <testcase classname="http://tst01.tjsp.jus.br/RHF/RecepcaoDocumentos/Candidato/EnvioCandidato.color-contrast" name="body > div:nth-of-type(3) > div:nth-of-type(2) > div:nth-of-type(1) > .panel-body > .jumbotron > h5"/>
    <testcase classname="http://tst01.tjsp.jus.br/RHF/RecepcaoDocumentos/Candidato/EnvioCandidato.color-contrast" name="#form0 > .row > .col-md-36.nomeDocumento > label"/>
    <testcase classname="http://tst01.tjsp.jus.br/RHF/RecepcaoDocumentos/Candidato/EnvioCandidato.color-contrast" name="#form0 > .row > .col-md-18 > .form-control"/>
    <testcase classname="http://tst01.tjsp.jus.br/RHF/RecepcaoDocumentos/Candidato/EnvioCandidato.color-contrast" name="#form0 > .row > .col-md-11.text-right > label"/>
    <testcase classname="http://tst01.tjsp.jus.br/RHF/RecepcaoDocumentos/Candidato/EnvioCandidato.color-contrast" name="body > div:nth-of-type(3) > div:nth-of-type(2) > div:nth-of-type(2) > .panel-body > .jumbotron > h4"/>
    <testcase classname="http://tst01.tjsp.jus.br/RHF/RecepcaoDocumentos/Candidato/EnvioCandidato.color-contrast" name="body > div:nth-of-type(3) > div:nth-of-type(2) > div:nth-of-type(2) > .panel-body > .jumbotron > h5"/>
    <testcase classname="http://tst01.tjsp.jus.br/RHF/RecepcaoDocumentos/Candidato/EnvioCandidato.color-contrast" name="#form1 > div:nth-of-type(1) > .col-md-36.nomeDocumento > label"/>
    <testcase classname="http://tst01.tjsp.jus.br/RHF/RecepcaoDocumentos/Candidato/EnvioCandidato.color-contrast" name="#form1 > div:nth-of-type(1) > .col-md-18 > .form-control"/>
    <testcase classname="http://tst01.tjsp.jus.br/RHF/RecepcaoDocumentos/Candidato/EnvioCandidato.color-contrast" name="#form1 > div:nth-of-type(1) > .col-md-11.text-right > label"/>
    <testcase classname="http://tst01.tjsp.jus.br/RHF/RecepcaoDocumentos/Candidato/EnvioCandidato.color-contrast" name="#form1 > .row.jumbotron > .form-horizontal > div:nth-of-type(1) > .col-md-10 > .control-label"/>
    <testcase classname="http://tst01.tjsp.jus.br/RHF/RecepcaoDocumentos/Candidato/EnvioCandidato.color-contrast" name="#txtRG"/>
    <testcase classname="http://tst01.tjsp.jus.br/RHF/RecepcaoDocumentos/Candidato/EnvioCandidato.color-contrast" name="#form1 > .row.jumbotron > .form-horizontal > div:nth-of-type(2) > .col-md-10 > .control-label"/>
    <testcase classname="http://tst01.tjsp.jus.br/RHF/RecepcaoDocumentos/Candidato/EnvioCandidato.color-contrast" name="#dataExpedicaoRg"/>
    <testcase classname="http://tst01.tjsp.jus.br/RHF/RecepcaoDocumentos/Candidato/EnvioCandidato.color-contrast" name="#form1 > .row.jumbotron > .form-horizontal > div:nth-of-type(3) > .col-md-12 > .control-label"/>
    <testcase classname="http://tst01.tjsp.jus.br/RHF/RecepcaoDocumentos/Candidato/EnvioCandidato.color-contrast" name="#orgaoEmissorRg"/>
    <testcase classname="http://tst01.tjsp.jus.br/RHF/RecepcaoDocumentos/Candidato/EnvioCandidato.color-contrast" name="#form1 > .row.jumbotron > .form-horizontal > div:nth-of-type(4) > .col-md-4 > .control-label"/>
    <testcase classname="http://tst01.tjsp.jus.br/RHF/RecepcaoDocumentos/Candidato/EnvioCandidato.color-contrast" name="#EnvioCandidato_Uf"/>
    <testcase classname="http://tst01.tjsp.jus.br/RHF/RecepcaoDocumentos/Candidato/EnvioCandidato.color-contrast" name="#form2 > .row > .col-md-36.nomeDocumento > label"/>
    <testcase classname="http://tst01.tjsp.jus.br/RHF/RecepcaoDocumentos/Candidato/EnvioCandidato.color-contrast" name="#form2 > .row > .col-md-18 > .form-control"/>
    <testcase classname="http://tst01.tjsp.jus.br/RHF/RecepcaoDocumentos/Candidato/EnvioCandidato.color-contrast" name="#form2 > .row > .col-md-11.text-right > label"/>
    <testcase classname="http://tst01.tjsp.jus.br/RHF/RecepcaoDocumentos/Candidato/EnvioCandidato.color-contrast" name="body > div:nth-of-type(3) > div:nth-of-type(2) > div:nth-of-type(3) > .panel-body > .jumbotron > h4"/>
    <testcase classname="http://tst01.tjsp.jus.br/RHF/RecepcaoDocumentos/Candidato/EnvioCandidato.color-contrast" name="body > div:nth-of-type(3) > div:nth-of-type(2) > div:nth-of-type(3) > .panel-body > .jumbotron > h5"/>
    <testcase classname="http://tst01.tjsp.jus.br/RHF/RecepcaoDocumentos/Candidato/EnvioCandidato.color-contrast" name="#tableAguardandoAprovacao > thead > tr > th:nth-of-type(1)"/>
    <testcase classname="http://tst01.tjsp.jus.br/RHF/RecepcaoDocumentos/Candidato/EnvioCandidato.color-contrast" name="#tableAguardandoAprovacao > thead > tr > th:nth-of-type(2)"/>
    <testcase classname="http://tst01.tjsp.jus.br/RHF/RecepcaoDocumentos/Candidato/EnvioCandidato.color-contrast" name="#tableAguardandoAprovacao > thead > tr > th:nth-of-type(3)"/>
    <testcase classname="http://tst01.tjsp.jus.br/RHF/RecepcaoDocumentos/Candidato/EnvioCandidato.color-contrast" name="#tableAguardandoAprovacao > thead > tr > th:nth-of-type(4)"/>
    <testcase classname="http://tst01.tjsp.jus.br/RHF/RecepcaoDocumentos/Candidato/EnvioCandidato.color-contrast" name="#tableAguardandoAprovacao > thead > tr > th:nth-of-type(5)"/>
    <testcase classname="http://tst01.tjsp.jus.br/RHF/RecepcaoDocumentos/Candidato/EnvioCandidato.color-contrast" name="#tableAguardandoAprovacao > tbody > tr > td:nth-of-type(1)"/>
    <testcase classname="http://tst01.tjsp.jus.br/RHF/RecepcaoDocumentos/Candidato/EnvioCandidato.color-contrast" name="#tableAguardandoAprovacao > tbody > tr > td:nth-of-type(2)"/>
    <testcase classname="http://tst01.tjsp.jus.br/RHF/RecepcaoDocumentos/Candidato/EnvioCandidato.color-contrast" name="#tableAguardandoAprovacao > tbody > tr > td:nth-of-type(3)"/>
    <testcase classname="http://tst01.tjsp.jus.br/RHF/RecepcaoDocumentos/Candidato/EnvioCandidato.color-contrast" name="#tableAguardandoAprovacao > tbody > tr > td:nth-of-type(4)"/>
    <testcase classname="http://tst01.tjsp.jus.br/RHF/RecepcaoDocumentos/Candidato/EnvioCandidato.document-title" name=".js.flexbox.flexboxlegacy.canvas.canvastext.no-webgl.touch.no-geolocation.postmessage.websqldatabase.indexeddb.hashchange.history.draganddrop.websockets.rgba.hsla.multiplebgs.backgroundsize.borderimage.borderradius.boxshadow.textshadow.opacity.cssanimations.csscolumns.cssgradients.cssreflections.csstransforms.csstransforms3d.csstransitions.fontface.generatedcontent.no-video.no-audio.localstorage.sessionstorage.webworkers.applicationcache.svg.inlinesvg.smil.svgclippaths"/>
    <testcase classname="http://tst01.tjsp.jus.br/RHF/RecepcaoDocumentos/Candidato/EnvioCandidato.duplicate-id" name="#fixed-nav"/>
    <testcase classname="http://tst01.tjsp.jus.br/RHF/RecepcaoDocumentos/Candidato/EnvioCandidato.duplicate-id" name="#formConcurso"/>
    <testcase classname="http://tst01.tjsp.jus.br/RHF/RecepcaoDocumentos/Candidato/EnvioCandidato.duplicate-id" name="#concursoEscolhidoCod"/>
    <testcase classname="http://tst01.tjsp.jus.br/RHF/RecepcaoDocumentos/Candidato/EnvioCandidato.duplicate-id" name="#form0"/>
    <testcase classname="http://tst01.tjsp.jus.br/RHF/RecepcaoDocumentos/Candidato/EnvioCandidato.duplicate-id" name="#form1"/>
    <testcase classname="http://tst01.tjsp.jus.br/RHF/RecepcaoDocumentos/Candidato/EnvioCandidato.duplicate-id" name="#txtRG"/>
    <testcase classname="http://tst01.tjsp.jus.br/RHF/RecepcaoDocumentos/Candidato/EnvioCandidato.duplicate-id" name="#span-iniciovigencia"/>
    <testcase classname="http://tst01.tjsp.jus.br/RHF/RecepcaoDocumentos/Candidato/EnvioCandidato.duplicate-id" name="#dataExpedicaoRg"/>
    <testcase classname="http://tst01.tjsp.jus.br/RHF/RecepcaoDocumentos/Candidato/EnvioCandidato.duplicate-id" name="#orgaoEmissorRg"/>
    <testcase classname="http://tst01.tjsp.jus.br/RHF/RecepcaoDocumentos/Candidato/EnvioCandidato.duplicate-id" name="#EnvioCandidato_Uf"/>
    <testcase classname="http://tst01.tjsp.jus.br/RHF/RecepcaoDocumentos/Candidato/EnvioCandidato.duplicate-id" name="#form2"/>
    <testcase classname="http://tst01.tjsp.jus.br/RHF/RecepcaoDocumentos/Candidato/EnvioCandidato.duplicate-id" name="#tableAguardandoAprovacao"/>
    <testcase classname="http://tst01.tjsp.jus.br/RHF/RecepcaoDocumentos/Candidato/EnvioCandidato.duplicate-id" name="#modal-detalhe-documento"/>
    <testcase classname="http://tst01.tjsp.jus.br/RHF/RecepcaoDocumentos/Candidato/EnvioCandidato.duplicate-id" name="#lblDescricaoTipoPeca"/>
    <testcase classname="http://tst01.tjsp.jus.br/RHF/RecepcaoDocumentos/Candidato/EnvioCandidato.duplicate-id" name="#tabelaDetalhes"/>
    <testcase classname="http://tst01.tjsp.jus.br/RHF/RecepcaoDocumentos/Candidato/EnvioCandidato.duplicate-id" name="#modalCarregando"/>
    <testcase classname="http://tst01.tjsp.jus.br/RHF/RecepcaoDocumentos/Candidato/EnvioCandidato.duplicate-id" name="#modalCarregando-header"/>
    <testcase classname="http://tst01.tjsp.jus.br/RHF/RecepcaoDocumentos/Candidato/EnvioCandidato.duplicate-id" name="#modalCarregando-body"/>
    <testcase classname="http://tst01.tjsp.jus.br/RHF/RecepcaoDocumentos/Candidato/EnvioCandidato.duplicate-id" name="#modalCarregando-footer"/>
    <testcase classname="http://tst01.tjsp.jus.br/RHF/RecepcaoDocumentos/Candidato/EnvioCandidato.empty-heading" name="body > div:nth-of-type(1) > .container-fluid > .row > .col-md-35.col-md-offset-1 > .row > .name.col-md-12 > h1"/>
    <testcase classname="http://tst01.tjsp.jus.br/RHF/RecepcaoDocumentos/Candidato/EnvioCandidato.empty-heading" name="body > div:nth-of-type(1) > .container-fluid > .row > .col-md-35.col-md-offset-1 > .row > .name.col-md-12 > h3"/>
    <testcase classname="http://tst01.tjsp.jus.br/RHF/RecepcaoDocumentos/Candidato/EnvioCandidato.empty-heading" name="body > div:nth-of-type(3) > div:nth-of-type(1) > .panel.panel-default > .panel-body > h4"/>
    <testcase classname="http://tst01.tjsp.jus.br/RHF/RecepcaoDocumentos/Candidato/EnvioCandidato.empty-heading" name="body > div:nth-of-type(3) > div:nth-of-type(1) > .panel.panel-default > .panel-body > h5"/>
    <testcase classname="http://tst01.tjsp.jus.br/RHF/RecepcaoDocumentos/Candidato/EnvioCandidato.empty-heading" name="body > div:nth-of-type(3) > div:nth-of-type(2) > div:nth-of-type(1) > .panel-body > .jumbotron > h4"/>
    <testcase classname="http://tst01.tjsp.jus.br/RHF/RecepcaoDocumentos/Candidato/EnvioCandidato.empty-heading" name="body > div:nth-of-type(3) > div:nth-of-type(2) > div:nth-of-type(1) > .panel-body > .jumbotron > h5"/>
    <testcase classname="http://tst01.tjsp.jus.br/RHF/RecepcaoDocumentos/Candidato/EnvioCandidato.empty-heading" name="body > div:nth-of-type(3) > div:nth-of-type(2) > div:nth-of-type(2) > .panel-body > .jumbotron > h4"/>
    <testcase classname="http://tst01.tjsp.jus.br/RHF/RecepcaoDocumentos/Candidato/EnvioCandidato.empty-heading" name="body > div:nth-of-type(3) > div:nth-of-type(2) > div:nth-of-type(2) > .panel-body > .jumbotron > h5"/>
    <testcase classname="http://tst01.tjsp.jus.br/RHF/RecepcaoDocumentos/Candidato/EnvioCandidato.empty-heading" name="body > div:nth-of-type(3) > div:nth-of-type(2) > div:nth-of-type(3) > .panel-body > .jumbotron > h4"/>
    <testcase classname="http://tst01.tjsp.jus.br/RHF/RecepcaoDocumentos/Candidato/EnvioCandidato.empty-heading" name="body > div:nth-of-type(3) > div:nth-of-type(2) > div:nth-of-type(3) > .panel-body > .jumbotron > h5"/>
    <testcase classname="http://tst01.tjsp.jus.br/RHF/RecepcaoDocumentos/Candidato/EnvioCandidato.empty-heading" name="body > footer > .container-fluid > .row > .col-md-36 > .col-xs-36.col-sm-18.col-md-18 > h6:nth-of-type(1)"/>
    <testcase classname="http://tst01.tjsp.jus.br/RHF/RecepcaoDocumentos/Candidato/EnvioCandidato.empty-heading" name="body > footer > .container-fluid > .row > .col-md-36 > .col-xs-36.col-sm-18.col-md-18 > h6:nth-of-type(2)"/>
    <testcase classname="http://tst01.tjsp.jus.br/RHF/RecepcaoDocumentos/Candidato/EnvioCandidato.empty-heading" name="body > footer > .container-fluid > .row > .col-md-36 > .col-xs-36.col-sm-18.col-md-18 > h6:nth-of-type(3)"/>
    <testcase classname="http://tst01.tjsp.jus.br/RHF/RecepcaoDocumentos/Candidato/EnvioCandidato.empty-heading" name="body > footer > .container-fluid > .row > .col-md-36 > .col-xs-36.col-sm-18.col-md-18 > h6:nth-of-type(4)"/>
    <testcase classname="http://tst01.tjsp.jus.br/RHF/RecepcaoDocumentos/Candidato/EnvioCandidato.html-has-lang" name=".js.flexbox.flexboxlegacy.canvas.canvastext.no-webgl.touch.no-geolocation.postmessage.websqldatabase.indexeddb.hashchange.history.draganddrop.websockets.rgba.hsla.multiplebgs.backgroundsize.borderimage.borderradius.boxshadow.textshadow.opacity.cssanimations.csscolumns.cssgradients.cssreflections.csstransforms.csstransforms3d.csstransitions.fontface.generatedcontent.no-video.no-audio.localstorage.sessionstorage.webworkers.applicationcache.svg.inlinesvg.smil.svgclippaths"/>
    <testcase classname="http://tst01.tjsp.jus.br/RHF/RecepcaoDocumentos/Candidato/EnvioCandidato.html-lang-valid" name=".js.flexbox.flexboxlegacy.canvas.canvastext.no-webgl.touch.no-geolocation.postmessage.websqldatabase.indexeddb.hashchange.history.draganddrop.websockets.rgba.hsla.multiplebgs.backgroundsize.borderimage.borderradius.boxshadow.textshadow.opacity.cssanimations.csscolumns.cssgradients.cssreflections.csstransforms.csstransforms3d.csstransitions.fontface.generatedcontent.no-video.no-audio.localstorage.sessionstorage.webworkers.applicationcache.svg.inlinesvg.smil.svgclippaths"/>
    <testcase classname="http://tst01.tjsp.jus.br/RHF/RecepcaoDocumentos/Candidato/EnvioCandidato.image-alt" name="body > footer > .container-fluid > .row > .col-md-36 > .col-xs-21.col-sm-9.col-md-9 > .pull-right"/>
    <testcase classname="http://tst01.tjsp.jus.br/RHF/RecepcaoDocumentos/Candidato/EnvioCandidato.image-redundant-alt" name="#fixed-nav > .container-fluid > .navbar-header > .navbar-toggle"/>
    <testcase classname="http://tst01.tjsp.jus.br/RHF/RecepcaoDocumentos/Candidato/EnvioCandidato.image-redundant-alt" name="#form0 > .row > .col-md-3 > .btn.btn-success"/>
    <testcase classname="http://tst01.tjsp.jus.br/RHF/RecepcaoDocumentos/Candidato/EnvioCandidato.image-redundant-alt" name="#form1 > div:nth-of-type(1) > div:nth-of-type(3) > .btn.btn-success"/>
    <testcase classname="http://tst01.tjsp.jus.br/RHF/RecepcaoDocumentos/Candidato/EnvioCandidato.image-redundant-alt" name="#form1 > div:nth-of-type(1) > div:nth-of-type(5) > .btn.btn-info.btnDetalhes"/>
    <testcase classname="http://tst01.tjsp.jus.br/RHF/RecepcaoDocumentos/Candidato/EnvioCandidato.image-redundant-alt" name="#form2 > .row > div:nth-of-type(3) > .btn.btn-success"/>
    <testcase classname="http://tst01.tjsp.jus.br/RHF/RecepcaoDocumentos/Candidato/EnvioCandidato.image-redundant-alt" name="#form2 > .row > div:nth-of-type(5) > .btn.btn-info.btnDetalhes"/>
    <testcase classname="http://tst01.tjsp.jus.br/RHF/RecepcaoDocumentos/Candidato/EnvioCandidato.image-redundant-alt" name="#tableAguardandoAprovacao > thead > tr > th:nth-of-type(1)"/>
    <testcase classname="http://tst01.tjsp.jus.br/RHF/RecepcaoDocumentos/Candidato/EnvioCandidato.image-redundant-alt" name="#tableAguardandoAprovacao > thead > tr > th:nth-of-type(2)"/>
    <testcase classname="http://tst01.tjsp.jus.br/RHF/RecepcaoDocumentos/Candidato/EnvioCandidato.image-redundant-alt" name="#tableAguardandoAprovacao > thead > tr > th:nth-of-type(3)"/>
    <testcase classname="http://tst01.tjsp.jus.br/RHF/RecepcaoDocumentos/Candidato/EnvioCandidato.image-redundant-alt" name="#tableAguardandoAprovacao > thead > tr > th:nth-of-type(4)"/>
    <testcase classname="http://tst01.tjsp.jus.br/RHF/RecepcaoDocumentos/Candidato/EnvioCandidato.image-redundant-alt" name="#tableAguardandoAprovacao > thead > tr > th:nth-of-type(5)"/>
    <testcase classname="http://tst01.tjsp.jus.br/RHF/RecepcaoDocumentos/Candidato/EnvioCandidato.image-redundant-alt" name="#tableAguardandoAprovacao > tbody > tr > td:nth-of-type(1)"/>
    <testcase classname="http://tst01.tjsp.jus.br/RHF/RecepcaoDocumentos/Candidato/EnvioCandidato.image-redundant-alt" name="#tableAguardandoAprovacao > tbody > tr > td:nth-of-type(2)"/>
    <testcase classname="http://tst01.tjsp.jus.br/RHF/RecepcaoDocumentos/Candidato/EnvioCandidato.image-redundant-alt" name="#tableAguardandoAprovacao > tbody > tr > td:nth-of-type(3)"/>
    <testcase classname="http://tst01.tjsp.jus.br/RHF/RecepcaoDocumentos/Candidato/EnvioCandidato.image-redundant-alt" name="#tableAguardandoAprovacao > tbody > tr > td:nth-of-type(4)"/>
    <testcase classname="http://tst01.tjsp.jus.br/RHF/RecepcaoDocumentos/Candidato/EnvioCandidato.image-redundant-alt" name="#tableAguardandoAprovacao > tbody > tr > td:nth-of-type(5)"/>
    <testcase classname="http://tst01.tjsp.jus.br/RHF/RecepcaoDocumentos/Candidato/EnvioCandidato.image-redundant-alt" name="#tableAguardandoAprovacao > tbody > tr > td:nth-of-type(5) > .btn.btn-info.btnDetalhes"/>
    <testcase classname="http://tst01.tjsp.jus.br/RHF/RecepcaoDocumentos/Candidato/EnvioCandidato.meta-viewport-large" name=".js.flexbox.flexboxlegacy.canvas.canvastext.no-webgl.touch.no-geolocation.postmessage.websqldatabase.indexeddb.hashchange.history.draganddrop.websockets.rgba.hsla.multiplebgs.backgroundsize.borderimage.borderradius.boxshadow.textshadow.opacity.cssanimations.csscolumns.cssgradients.cssreflections.csstransforms.csstransforms3d.csstransitions.fontface.generatedcontent.no-video.no-audio.localstorage.sessionstorage.webworkers.applicationcache.svg.inlinesvg.smil.svgclippaths > head > meta:nth-of-type(3)"/>
    <testcase classname="http://tst01.tjsp.jus.br/RHF/RecepcaoDocumentos/Candidato/EnvioCandidato.meta-viewport" name=".js.flexbox.flexboxlegacy.canvas.canvastext.no-webgl.touch.no-geolocation.postmessage.websqldatabase.indexeddb.hashchange.history.draganddrop.websockets.rgba.hsla.multiplebgs.backgroundsize.borderimage.borderradius.boxshadow.textshadow.opacity.cssanimations.csscolumns.cssgradients.cssreflections.csstransforms.csstransforms3d.csstransitions.fontface.generatedcontent.no-video.no-audio.localstorage.sessionstorage.webworkers.applicationcache.svg.inlinesvg.smil.svgclippaths > head > meta:nth-of-type(3)"/>
    <testcase classname="http://tst01.tjsp.jus.br/RHF/RecepcaoDocumentos/Candidato/EnvioCandidato.table-duplicate-name" name="#tableAguardandoAprovacao"/>
    <testcase classname="http://tst01.tjsp.jus.br/RHF/RecepcaoDocumentos/Candidato/EnvioCandidato.td-headers-attr" name="#tableAguardandoAprovacao"/>
    <testcase classname="http://tst01.tjsp.jus.br/RHF/RecepcaoDocumentos/Candidato/EnvioCandidato.th-has-data-cells" name="#tableAguardandoAprovacao"/>
  </testsuite>
  <testsuite name="http://tst01.tjsp.jus.br/RHF/RecepcaoDocumentos/Candidato/EnvioCandidato?concursoEscolhidoCod=927562203" timestamp="1496090630413" time="1815" tests="150" failures="29" errors="0" skipped="0">
    <testcase classname="http://tst01.tjsp.jus.br/RHF/RecepcaoDocumentos/Candidato/EnvioCandidato?concursoEscolhidoCod=927562203.color-contrast" name="#form0 > .row > .col-md-3 > .btn.btn-success">
      <failure message="Elements must have sufficient color contrast (https://dequeuniversity.com/rules/axe/2.2/color-contrast?application=webdriverjs)&#xA;">
        <![CDATA[Target: #form0 > .row > .col-md-3 > .btn.btn-success

HTML: <button class="btn btn-success" type="submit" id="btnEnviar" style="">
                    <span class="glyphicon glyphicon-plus"></span> Enviar
                </button>

Summary:
Fix any of the following:
    • Element has insufficient color contrast of 2.48 (foreground color: #ffffff, background color: #5cb85c, font size: 10.5pt, font weight: normal)
    Related Nodes:
        ◦ #form0 > .row > .col-md-3 > .btn.btn-success]]>
      </failure>
    </testcase>
    <testcase classname="http://tst01.tjsp.jus.br/RHF/RecepcaoDocumentos/Candidato/EnvioCandidato?concursoEscolhidoCod=927562203.color-contrast" name="#form1 > div:nth-of-type(1) > div:nth-of-type(3) > .btn.btn-success">
      <failure message="Elements must have sufficient color contrast (https://dequeuniversity.com/rules/axe/2.2/color-contrast?application=webdriverjs)&#xA;">
        <![CDATA[Target: #form1 > div:nth-of-type(1) > div:nth-of-type(3) > .btn.btn-success

HTML: <button class="btn btn-success" type="submit" id="btnEnviar" style="">
                    <span class="glyphicon glyphicon-plus"></span> Enviar
                </button>

Summary:
Fix any of the following:
    • Element has insufficient color contrast of 2.48 (foreground color: #ffffff, background color: #5cb85c, font size: 10.5pt, font weight: normal)
    Related Nodes:
        ◦ #form1 > div:nth-of-type(1) > div:nth-of-type(3) > .btn.btn-success]]>
      </failure>
    </testcase>
    <testcase classname="http://tst01.tjsp.jus.br/RHF/RecepcaoDocumentos/Candidato/EnvioCandidato?concursoEscolhidoCod=927562203.color-contrast" name="#form1 > div:nth-of-type(1) > div:nth-of-type(5) > .btn.btn-info.btnDetalhes">
      <failure message="Elements must have sufficient color contrast (https://dequeuniversity.com/rules/axe/2.2/color-contrast?application=webdriverjs)&#xA;">
        <![CDATA[Target: #form1 > div:nth-of-type(1) > div:nth-of-type(5) > .btn.btn-info.btnDetalhes

HTML: <button class="btn btn-info btnDetalhes" type="button" data-enviocandidato="738818523" data-descricaotipopeca="Posse - RG" style="">
                        <span class="glyphicon glyphicon-eye-open"></span> Detalhes
                    </button>

Summary:
Fix any of the following:
    • Element has insufficient color contrast of 2.09 (foreground color: #ffffff, background color: #5bc0de, font size: 10.5pt, font weight: normal)
    Related Nodes:
        ◦ #form1 > div:nth-of-type(1) > div:nth-of-type(5) > .btn.btn-info.btnDetalhes]]>
      </failure>
    </testcase>
    <testcase classname="http://tst01.tjsp.jus.br/RHF/RecepcaoDocumentos/Candidato/EnvioCandidato?concursoEscolhidoCod=927562203.color-contrast" name="#form2 > .row > div:nth-of-type(3) > .btn.btn-success">
      <failure message="Elements must have sufficient color contrast (https://dequeuniversity.com/rules/axe/2.2/color-contrast?application=webdriverjs)&#xA;">
        <![CDATA[Target: #form2 > .row > div:nth-of-type(3) > .btn.btn-success

HTML: <button class="btn btn-success" type="submit" id="btnEnviar" style="">
                    <span class="glyphicon glyphicon-plus"></span> Enviar
                </button>

Summary:
Fix any of the following:
    • Element has insufficient color contrast of 2.48 (foreground color: #ffffff, background color: #5cb85c, font size: 10.5pt, font weight: normal)
    Related Nodes:
        ◦ #form2 > .row > div:nth-of-type(3) > .btn.btn-success]]>
      </failure>
    </testcase>
    <testcase classname="http://tst01.tjsp.jus.br/RHF/RecepcaoDocumentos/Candidato/EnvioCandidato?concursoEscolhidoCod=927562203.color-contrast" name="#form2 > .row > div:nth-of-type(5) > .btn.btn-info.btnDetalhes">
      <failure message="Elements must have sufficient color contrast (https://dequeuniversity.com/rules/axe/2.2/color-contrast?application=webdriverjs)&#xA;">
        <![CDATA[Target: #form2 > .row > div:nth-of-type(5) > .btn.btn-info.btnDetalhes

HTML: <button class="btn btn-info btnDetalhes" type="button" data-enviocandidato="470383067" data-descricaotipopeca="Posse - CPF" style="">
                        <span class="glyphicon glyphicon-eye-open"></span> Detalhes
                    </button>

Summary:
Fix any of the following:
    • Element has insufficient color contrast of 2.09 (foreground color: #ffffff, background color: #5bc0de, font size: 10.5pt, font weight: normal)
    Related Nodes:
        ◦ #form2 > .row > div:nth-of-type(5) > .btn.btn-info.btnDetalhes]]>
      </failure>
    </testcase>
    <testcase classname="http://tst01.tjsp.jus.br/RHF/RecepcaoDocumentos/Candidato/EnvioCandidato?concursoEscolhidoCod=927562203.color-contrast" name="#tableAguardandoAprovacao > tbody > tr > td:nth-of-type(5) > .btn.btn-info.btnDetalhes">
      <failure message="Elements must have sufficient color contrast (https://dequeuniversity.com/rules/axe/2.2/color-contrast?application=webdriverjs)&#xA;">
        <![CDATA[Target: #tableAguardandoAprovacao > tbody > tr > td:nth-of-type(5) > .btn.btn-info.btnDetalhes

HTML: <button class="btn btn-info btnDetalhes" type="button" data-descricaotipopeca="Posse - PIS/PASEP" data-enviocandidato="302610907" style="">
                    <span class="glyphicon glyphicon-eye-open"></span> Detalhes
                </button>

Summary:
Fix any of the following:
    • Element has insufficient color contrast of 2.09 (foreground color: #ffffff, background color: #5bc0de, font size: 10.5pt, font weight: normal)
    Related Nodes:
        ◦ #tableAguardandoAprovacao > tbody > tr > td:nth-of-type(5) > .btn.btn-info.btnDetalhes]]>
      </failure>
    </testcase>
    <testcase classname="http://tst01.tjsp.jus.br/RHF/RecepcaoDocumentos/Candidato/EnvioCandidato?concursoEscolhidoCod=927562203.color-contrast" name="body > footer > .container-fluid > .row > .col-md-36 > .col-xs-36.col-sm-18.col-md-18 > h6:nth-of-type(1)">
      <failure message="Elements must have sufficient color contrast (https://dequeuniversity.com/rules/axe/2.2/color-contrast?application=webdriverjs)&#xA;">
        <![CDATA[Target: body > footer > .container-fluid > .row > .col-md-36 > .col-xs-36.col-sm-18.col-md-18 > h6:nth-of-type(1)

HTML: <h6 class="visible-xs visible-sm hidden-md hidden-lg" style="">Tribunal de Justiça de São Paulo</h6>

Summary:
Fix any of the following:
    • Element has insufficient color contrast of 3.5 (foreground color: #808080, background color: #f2f1f1, font size: 9.0pt, font weight: normal)
    Related Nodes:
        ◦ body > footer]]>
      </failure>
    </testcase>
    <testcase classname="http://tst01.tjsp.jus.br/RHF/RecepcaoDocumentos/Candidato/EnvioCandidato?concursoEscolhidoCod=927562203.color-contrast" name="body > footer > .container-fluid > .row > .col-md-36 > .col-xs-36.col-sm-18.col-md-18 > h6:nth-of-type(2)">
      <failure message="Elements must have sufficient color contrast (https://dequeuniversity.com/rules/axe/2.2/color-contrast?application=webdriverjs)&#xA;">
        <![CDATA[Target: body > footer > .container-fluid > .row > .col-md-36 > .col-xs-36.col-sm-18.col-md-18 > h6:nth-of-type(2)

HTML: <h6 class="visible-xs visible-sm hidden-md hidden-lg" style="">Praça da Sé, s/nº - Cep 01018-010 - São Paulo (SP) - PABX: (11) 3117-2200</h6>

Summary:
Fix any of the following:
    • Element has insufficient color contrast of 3.94 (foreground color: #808080, background color: #ffffff, font size: 9.0pt, font weight: normal)
]]>
      </failure>
    </testcase>
    <testcase classname="http://tst01.tjsp.jus.br/RHF/RecepcaoDocumentos/Candidato/EnvioCandidato?concursoEscolhidoCod=927562203.color-contrast" name="body > footer > .container-fluid > .row > .col-md-36 > .col-xs-36.col-sm-18.col-md-18 > h6:nth-of-type(3)">
      <failure message="Elements must have sufficient color contrast (https://dequeuniversity.com/rules/axe/2.2/color-contrast?application=webdriverjs)&#xA;">
        <![CDATA[Target: body > footer > .container-fluid > .row > .col-md-36 > .col-xs-36.col-sm-18.col-md-18 > h6:nth-of-type(3)

HTML: <h6 class="visible-xs visible-sm hidden-md hidden-lg" style="">© 2017 - Secretaria de Tecnologia da Informação (STI) - Todos os direitos reservados.</h6>

Summary:
Fix any of the following:
    • Element has insufficient color contrast of 3.94 (foreground color: #808080, background color: #ffffff, font size: 9.0pt, font weight: normal)
]]>
      </failure>
    </testcase>
[...]
    <testcase classname="http://tst01.tjsp.jus.br/RHF/RecepcaoDocumentos/Candidato/EnvioCandidato?concursoEscolhidoCod=927562203.color-contrast" name="#form1 > div:nth-of-type(1) > .col-md-36.nomeDocumento > label"/>
    <testcase classname="http://tst01.tjsp.jus.br/RHF/RecepcaoDocumentos/Candidato/EnvioCandidato?concursoEscolhidoCod=927562203.color-contrast" name="#form1 > div:nth-of-type(1) > .col-md-18 > .form-control"/>
    <testcase classname="http://tst01.tjsp.jus.br/RHF/RecepcaoDocumentos/Candidato/EnvioCandidato?concursoEscolhidoCod=927562203.color-contrast" name="#form1 > div:nth-of-type(1) > .col-md-11.text-right > label"/>
    <testcase classname="http://tst01.tjsp.jus.br/RHF/RecepcaoDocumentos/Candidato/EnvioCandidato?concursoEscolhidoCod=927562203.color-contrast" name="#form1 > .row.jumbotron > .form-horizontal > div:nth-of-type(1) > .col-md-10 > .control-label"/>
    <testcase classname="http://tst01.tjsp.jus.br/RHF/RecepcaoDocumentos/Candidato/EnvioCandidato?concursoEscolhidoCod=927562203.color-contrast" name="#txtRG"/>
    <testcase classname="http://tst01.tjsp.jus.br/RHF/RecepcaoDocumentos/Candidato/EnvioCandidato?concursoEscolhidoCod=927562203.color-contrast" name="#form1 > .row.jumbotron > .form-horizontal > div:nth-of-type(2) > .col-md-10 > .control-label"/>
    <testcase classname="http://tst01.tjsp.jus.br/RHF/RecepcaoDocumentos/Candidato/EnvioCandidato?concursoEscolhidoCod=927562203.color-contrast" name="#dataExpedicaoRg"/>
    <testcase classname="http://tst01.tjsp.jus.br/RHF/RecepcaoDocumentos/Candidato/EnvioCandidato?concursoEscolhidoCod=927562203.color-contrast" name="#form1 > .row.jumbotron > .form-horizontal > div:nth-of-type(3) > .col-md-12 > .control-label"/>
    <testcase classname="http://tst01.tjsp.jus.br/RHF/RecepcaoDocumentos/Candidato/EnvioCandidato?concursoEscolhidoCod=927562203.color-contrast" name="#orgaoEmissorRg"/>
    <testcase classname="http://tst01.tjsp.jus.br/RHF/RecepcaoDocumentos/Candidato/EnvioCandidato?concursoEscolhidoCod=927562203.color-contrast" name="#form1 > .row.jumbotron > .form-horizontal > div:nth-of-type(4) > .col-md-4 > .control-label"/>
    <testcase classname="http://tst01.tjsp.jus.br/RHF/RecepcaoDocumentos/Candidato/EnvioCandidato?concursoEscolhidoCod=927562203.color-contrast" name="#EnvioCandidato_Uf"/>
    <testcase classname="http://tst01.tjsp.jus.br/RHF/RecepcaoDocumentos/Candidato/EnvioCandidato?concursoEscolhidoCod=927562203.color-contrast" name="#form2 > .row > .col-md-36.nomeDocumento > label"/>
    <testcase classname="http://tst01.tjsp.jus.br/RHF/RecepcaoDocumentos/Candidato/EnvioCandidato?concursoEscolhidoCod=927562203.color-contrast" name="#form2 > .row > .col-md-18 > .form-control"/>
    <testcase classname="http://tst01.tjsp.jus.br/RHF/RecepcaoDocumentos/Candidato/EnvioCandidato?concursoEscolhidoCod=927562203.color-contrast" name="#form2 > .row > .col-md-11.text-right > label"/>
    <testcase classname="http://tst01.tjsp.jus.br/RHF/RecepcaoDocumentos/Candidato/EnvioCandidato?concursoEscolhidoCod=927562203.color-contrast" name="body > div:nth-of-type(3) > div:nth-of-type(2) > div:nth-of-type(3) > .panel-body > .jumbotron > h4"/>
    <testcase classname="http://tst01.tjsp.jus.br/RHF/RecepcaoDocumentos/Candidato/EnvioCandidato?concursoEscolhidoCod=927562203.color-contrast" name="body > div:nth-of-type(3) > div:nth-of-type(2) > div:nth-of-type(3) > .panel-body > .jumbotron > h5"/>
    <testcase classname="http://tst01.tjsp.jus.br/RHF/RecepcaoDocumentos/Candidato/EnvioCandidato?concursoEscolhidoCod=927562203.color-contrast" name="#tableAguardandoAprovacao > thead > tr > th:nth-of-type(1)"/>
    <testcase classname="http://tst01.tjsp.jus.br/RHF/RecepcaoDocumentos/Candidato/EnvioCandidato?concursoEscolhidoCod=927562203.color-contrast" name="#tableAguardandoAprovacao > thead > tr > th:nth-of-type(2)"/>
    <testcase classname="http://tst01.tjsp.jus.br/RHF/RecepcaoDocumentos/Candidato/EnvioCandidato?concursoEscolhidoCod=927562203.color-contrast" name="#tableAguardandoAprovacao > thead > tr > th:nth-of-type(3)"/>
    <testcase classname="http://tst01.tjsp.jus.br/RHF/RecepcaoDocumentos/Candidato/EnvioCandidato?concursoEscolhidoCod=927562203.color-contrast" name="#tableAguardandoAprovacao > thead > tr > th:nth-of-type(4)"/>
    <testcase classname="http://tst01.tjsp.jus.br/RHF/RecepcaoDocumentos/Candidato/EnvioCandidato?concursoEscolhidoCod=927562203.color-contrast" name="#tableAguardandoAprovacao > thead > tr > th:nth-of-type(5)"/>
    <testcase classname="http://tst01.tjsp.jus.br/RHF/RecepcaoDocumentos/Candidato/EnvioCandidato?concursoEscolhidoCod=927562203.color-contrast" name="#tableAguardandoAprovacao > tbody > tr > td:nth-of-type(1)"/>
    <testcase classname="http://tst01.tjsp.jus.br/RHF/RecepcaoDocumentos/Candidato/EnvioCandidato?concursoEscolhidoCod=927562203.color-contrast" name="#tableAguardandoAprovacao > tbody > tr > td:nth-of-type(2)"/>
    <testcase classname="http://tst01.tjsp.jus.br/RHF/RecepcaoDocumentos/Candidato/EnvioCandidato?concursoEscolhidoCod=927562203.color-contrast" name="#tableAguardandoAprovacao > tbody > tr > td:nth-of-type(3)"/>
    <testcase classname="http://tst01.tjsp.jus.br/RHF/RecepcaoDocumentos/Candidato/EnvioCandidato?concursoEscolhidoCod=927562203.color-contrast" name="#tableAguardandoAprovacao > tbody > tr > td:nth-of-type(4)"/>
    <testcase classname="http://tst01.tjsp.jus.br/RHF/RecepcaoDocumentos/Candidato/EnvioCandidato?concursoEscolhidoCod=927562203.document-title" name=".js.flexbox.flexboxlegacy.canvas.canvastext.no-webgl.touch.no-geolocation.postmessage.websqldatabase.indexeddb.hashchange.history.draganddrop.websockets.rgba.hsla.multiplebgs.backgroundsize.borderimage.borderradius.boxshadow.textshadow.opacity.cssanimations.csscolumns.cssgradients.cssreflections.csstransforms.csstransforms3d.csstransitions.fontface.generatedcontent.no-video.no-audio.localstorage.sessionstorage.webworkers.applicationcache.svg.inlinesvg.smil.svgclippaths"/>
    <testcase classname="http://tst01.tjsp.jus.br/RHF/RecepcaoDocumentos/Candidato/EnvioCandidato?concursoEscolhidoCod=927562203.duplicate-id" name="#fixed-nav"/>
    <testcase classname="http://tst01.tjsp.jus.br/RHF/RecepcaoDocumentos/Candidato/EnvioCandidato?concursoEscolhidoCod=927562203.duplicate-id" name="#formConcurso"/>
    <testcase classname="http://tst01.tjsp.jus.br/RHF/RecepcaoDocumentos/Candidato/EnvioCandidato?concursoEscolhidoCod=927562203.duplicate-id" name="#concursoEscolhidoCod"/>
    <testcase classname="http://tst01.tjsp.jus.br/RHF/RecepcaoDocumentos/Candidato/EnvioCandidato?concursoEscolhidoCod=927562203.duplicate-id" name="#form0"/>
    <testcase classname="http://tst01.tjsp.jus.br/RHF/RecepcaoDocumentos/Candidato/EnvioCandidato?concursoEscolhidoCod=927562203.duplicate-id" name="#form1"/>
    <testcase classname="http://tst01.tjsp.jus.br/RHF/RecepcaoDocumentos/Candidato/EnvioCandidato?concursoEscolhidoCod=927562203.duplicate-id" name="#txtRG"/>
    <testcase classname="http://tst01.tjsp.jus.br/RHF/RecepcaoDocumentos/Candidato/EnvioCandidato?concursoEscolhidoCod=927562203.duplicate-id" name="#span-iniciovigencia"/>
    <testcase classname="http://tst01.tjsp.jus.br/RHF/RecepcaoDocumentos/Candidato/EnvioCandidato?concursoEscolhidoCod=927562203.duplicate-id" name="#dataExpedicaoRg"/>
    <testcase classname="http://tst01.tjsp.jus.br/RHF/RecepcaoDocumentos/Candidato/EnvioCandidato?concursoEscolhidoCod=927562203.duplicate-id" name="#orgaoEmissorRg"/>
    <testcase classname="http://tst01.tjsp.jus.br/RHF/RecepcaoDocumentos/Candidato/EnvioCandidato?concursoEscolhidoCod=927562203.duplicate-id" name="#EnvioCandidato_Uf"/>
    <testcase classname="http://tst01.tjsp.jus.br/RHF/RecepcaoDocumentos/Candidato/EnvioCandidato?concursoEscolhidoCod=927562203.duplicate-id" name="#form2"/>
    <testcase classname="http://tst01.tjsp.jus.br/RHF/RecepcaoDocumentos/Candidato/EnvioCandidato?concursoEscolhidoCod=927562203.duplicate-id" name="#tableAguardandoAprovacao"/>
    <testcase classname="http://tst01.tjsp.jus.br/RHF/RecepcaoDocumentos/Candidato/EnvioCandidato?concursoEscolhidoCod=927562203.duplicate-id" name="#modal-detalhe-documento"/>
    <testcase classname="http://tst01.tjsp.jus.br/RHF/RecepcaoDocumentos/Candidato/EnvioCandidato?concursoEscolhidoCod=927562203.duplicate-id" name="#lblDescricaoTipoPeca"/>
    <testcase classname="http://tst01.tjsp.jus.br/RHF/RecepcaoDocumentos/Candidato/EnvioCandidato?concursoEscolhidoCod=927562203.duplicate-id" name="#tabelaDetalhes"/>
    <testcase classname="http://tst01.tjsp.jus.br/RHF/RecepcaoDocumentos/Candidato/EnvioCandidato?concursoEscolhidoCod=927562203.duplicate-id" name="#modalCarregando"/>
    <testcase classname="http://tst01.tjsp.jus.br/RHF/RecepcaoDocumentos/Candidato/EnvioCandidato?concursoEscolhidoCod=927562203.duplicate-id" name="#modalCarregando-header"/>
    <testcase classname="http://tst01.tjsp.jus.br/RHF/RecepcaoDocumentos/Candidato/EnvioCandidato?concursoEscolhidoCod=927562203.duplicate-id" name="#modalCarregando-body"/>
    <testcase classname="http://tst01.tjsp.jus.br/RHF/RecepcaoDocumentos/Candidato/EnvioCandidato?concursoEscolhidoCod=927562203.duplicate-id" name="#modalCarregando-footer"/>
    <testcase classname="http://tst01.tjsp.jus.br/RHF/RecepcaoDocumentos/Candidato/EnvioCandidato?concursoEscolhidoCod=927562203.empty-heading" name="body > div:nth-of-type(1) > .container-fluid > .row > .col-md-35.col-md-offset-1 > .row > .name.col-md-12 > h1"/>
    <testcase classname="http://tst01.tjsp.jus.br/RHF/RecepcaoDocumentos/Candidato/EnvioCandidato?concursoEscolhidoCod=927562203.empty-heading" name="body > div:nth-of-type(1) > .container-fluid > .row > .col-md-35.col-md-offset-1 > .row > .name.col-md-12 > h3"/>
    <testcase classname="http://tst01.tjsp.jus.br/RHF/RecepcaoDocumentos/Candidato/EnvioCandidato?concursoEscolhidoCod=927562203.empty-heading" name="body > div:nth-of-type(3) > div:nth-of-type(1) > .panel.panel-default > .panel-body > h4"/>
    <testcase classname="http://tst01.tjsp.jus.br/RHF/RecepcaoDocumentos/Candidato/EnvioCandidato?concursoEscolhidoCod=927562203.empty-heading" name="body > div:nth-of-type(3) > div:nth-of-type(1) > .panel.panel-default > .panel-body > h5"/>
    <testcase classname="http://tst01.tjsp.jus.br/RHF/RecepcaoDocumentos/Candidato/EnvioCandidato?concursoEscolhidoCod=927562203.empty-heading" name="body > div:nth-of-type(3) > div:nth-of-type(2) > div:nth-of-type(1) > .panel-body > .jumbotron > h4"/>
    <testcase classname="http://tst01.tjsp.jus.br/RHF/RecepcaoDocumentos/Candidato/EnvioCandidato?concursoEscolhidoCod=927562203.empty-heading" name="body > div:nth-of-type(3) > div:nth-of-type(2) > div:nth-of-type(1) > .panel-body > .jumbotron > h5"/>
    <testcase classname="http://tst01.tjsp.jus.br/RHF/RecepcaoDocumentos/Candidato/EnvioCandidato?concursoEscolhidoCod=927562203.empty-heading" name="body > div:nth-of-type(3) > div:nth-of-type(2) > div:nth-of-type(2) > .panel-body > .jumbotron > h4"/>
    <testcase classname="http://tst01.tjsp.jus.br/RHF/RecepcaoDocumentos/Candidato/EnvioCandidato?concursoEscolhidoCod=927562203.empty-heading" name="body > div:nth-of-type(3) > div:nth-of-type(2) > div:nth-of-type(2) > .panel-body > .jumbotron > h5"/>
    <testcase classname="http://tst01.tjsp.jus.br/RHF/RecepcaoDocumentos/Candidato/EnvioCandidato?concursoEscolhidoCod=927562203.empty-heading" name="body > div:nth-of-type(3) > div:nth-of-type(2) > div:nth-of-type(3) > .panel-body > .jumbotron > h4"/>
    <testcase classname="http://tst01.tjsp.jus.br/RHF/RecepcaoDocumentos/Candidato/EnvioCandidato?concursoEscolhidoCod=927562203.empty-heading" name="body > div:nth-of-type(3) > div:nth-of-type(2) > div:nth-of-type(3) > .panel-body > .jumbotron > h5"/>
    <testcase classname="http://tst01.tjsp.jus.br/RHF/RecepcaoDocumentos/Candidato/EnvioCandidato?concursoEscolhidoCod=927562203.empty-heading" name="body > footer > .container-fluid > .row > .col-md-36 > .col-xs-36.col-sm-18.col-md-18 > h6:nth-of-type(1)"/>
    <testcase classname="http://tst01.tjsp.jus.br/RHF/RecepcaoDocumentos/Candidato/EnvioCandidato?concursoEscolhidoCod=927562203.empty-heading" name="body > footer > .container-fluid > .row > .col-md-36 > .col-xs-36.col-sm-18.col-md-18 > h6:nth-of-type(2)"/>
    <testcase classname="http://tst01.tjsp.jus.br/RHF/RecepcaoDocumentos/Candidato/EnvioCandidato?concursoEscolhidoCod=927562203.empty-heading" name="body > footer > .container-fluid > .row > .col-md-36 > .col-xs-36.col-sm-18.col-md-18 > h6:nth-of-type(3)"/>
    <testcase classname="http://tst01.tjsp.jus.br/RHF/RecepcaoDocumentos/Candidato/EnvioCandidato?concursoEscolhidoCod=927562203.empty-heading" name="body > footer > .container-fluid > .row > .col-md-36 > .col-xs-36.col-sm-18.col-md-18 > h6:nth-of-type(4)"/>
    <testcase classname="http://tst01.tjsp.jus.br/RHF/RecepcaoDocumentos/Candidato/EnvioCandidato?concursoEscolhidoCod=927562203.html-has-lang" name=".js.flexbox.flexboxlegacy.canvas.canvastext.no-webgl.touch.no-geolocation.postmessage.websqldatabase.indexeddb.hashchange.history.draganddrop.websockets.rgba.hsla.multiplebgs.backgroundsize.borderimage.borderradius.boxshadow.textshadow.opacity.cssanimations.csscolumns.cssgradients.cssreflections.csstransforms.csstransforms3d.csstransitions.fontface.generatedcontent.no-video.no-audio.localstorage.sessionstorage.webworkers.applicationcache.svg.inlinesvg.smil.svgclippaths"/>
    <testcase classname="http://tst01.tjsp.jus.br/RHF/RecepcaoDocumentos/Candidato/EnvioCandidato?concursoEscolhidoCod=927562203.html-lang-valid" name=".js.flexbox.flexboxlegacy.canvas.canvastext.no-webgl.touch.no-geolocation.postmessage.websqldatabase.indexeddb.hashchange.history.draganddrop.websockets.rgba.hsla.multiplebgs.backgroundsize.borderimage.borderradius.boxshadow.textshadow.opacity.cssanimations.csscolumns.cssgradients.cssreflections.csstransforms.csstransforms3d.csstransitions.fontface.generatedcontent.no-video.no-audio.localstorage.sessionstorage.webworkers.applicationcache.svg.inlinesvg.smil.svgclippaths"/>
    <testcase classname="http://tst01.tjsp.jus.br/RHF/RecepcaoDocumentos/Candidato/EnvioCandidato?concursoEscolhidoCod=927562203.image-alt" name="body > footer > .container-fluid > .row > .col-md-36 > .col-xs-21.col-sm-9.col-md-9 > .pull-right"/>
    <testcase classname="http://tst01.tjsp.jus.br/RHF/RecepcaoDocumentos/Candidato/EnvioCandidato?concursoEscolhidoCod=927562203.image-redundant-alt" name="#fixed-nav > .container-fluid > .navbar-header > .navbar-toggle"/>
    <testcase classname="http://tst01.tjsp.jus.br/RHF/RecepcaoDocumentos/Candidato/EnvioCandidato?concursoEscolhidoCod=927562203.image-redundant-alt" name="#form0 > .row > .col-md-3 > .btn.btn-success"/>
    <testcase classname="http://tst01.tjsp.jus.br/RHF/RecepcaoDocumentos/Candidato/EnvioCandidato?concursoEscolhidoCod=927562203.image-redundant-alt" name="#form1 > div:nth-of-type(1) > div:nth-of-type(3) > .btn.btn-success"/>
    <testcase classname="http://tst01.tjsp.jus.br/RHF/RecepcaoDocumentos/Candidato/EnvioCandidato?concursoEscolhidoCod=927562203.image-redundant-alt" name="#form1 > div:nth-of-type(1) > div:nth-of-type(5) > .btn.btn-info.btnDetalhes"/>
    <testcase classname="http://tst01.tjsp.jus.br/RHF/RecepcaoDocumentos/Candidato/EnvioCandidato?concursoEscolhidoCod=927562203.image-redundant-alt" name="#form2 > .row > div:nth-of-type(3) > .btn.btn-success"/>
    <testcase classname="http://tst01.tjsp.jus.br/RHF/RecepcaoDocumentos/Candidato/EnvioCandidato?concursoEscolhidoCod=927562203.image-redundant-alt" name="#form2 > .row > div:nth-of-type(5) > .btn.btn-info.btnDetalhes"/>
    <testcase classname="http://tst01.tjsp.jus.br/RHF/RecepcaoDocumentos/Candidato/EnvioCandidato?concursoEscolhidoCod=927562203.image-redundant-alt" name="#tableAguardandoAprovacao > thead > tr > th:nth-of-type(1)"/>
    <testcase classname="http://tst01.tjsp.jus.br/RHF/RecepcaoDocumentos/Candidato/EnvioCandidato?concursoEscolhidoCod=927562203.image-redundant-alt" name="#tableAguardandoAprovacao > thead > tr > th:nth-of-type(2)"/>
    <testcase classname="http://tst01.tjsp.jus.br/RHF/RecepcaoDocumentos/Candidato/EnvioCandidato?concursoEscolhidoCod=927562203.image-redundant-alt" name="#tableAguardandoAprovacao > thead > tr > th:nth-of-type(3)"/>
    <testcase classname="http://tst01.tjsp.jus.br/RHF/RecepcaoDocumentos/Candidato/EnvioCandidato?concursoEscolhidoCod=927562203.image-redundant-alt" name="#tableAguardandoAprovacao > thead > tr > th:nth-of-type(4)"/>
    <testcase classname="http://tst01.tjsp.jus.br/RHF/RecepcaoDocumentos/Candidato/EnvioCandidato?concursoEscolhidoCod=927562203.image-redundant-alt" name="#tableAguardandoAprovacao > thead > tr > th:nth-of-type(5)"/>
    <testcase classname="http://tst01.tjsp.jus.br/RHF/RecepcaoDocumentos/Candidato/EnvioCandidato?concursoEscolhidoCod=927562203.image-redundant-alt" name="#tableAguardandoAprovacao > tbody > tr > td:nth-of-type(1)"/>
    <testcase classname="http://tst01.tjsp.jus.br/RHF/RecepcaoDocumentos/Candidato/EnvioCandidato?concursoEscolhidoCod=927562203.image-redundant-alt" name="#tableAguardandoAprovacao > tbody > tr > td:nth-of-type(2)"/>
    <testcase classname="http://tst01.tjsp.jus.br/RHF/RecepcaoDocumentos/Candidato/EnvioCandidato?concursoEscolhidoCod=927562203.image-redundant-alt" name="#tableAguardandoAprovacao > tbody > tr > td:nth-of-type(3)"/>
    <testcase classname="http://tst01.tjsp.jus.br/RHF/RecepcaoDocumentos/Candidato/EnvioCandidato?concursoEscolhidoCod=927562203.image-redundant-alt" name="#tableAguardandoAprovacao > tbody > tr > td:nth-of-type(4)"/>
    <testcase classname="http://tst01.tjsp.jus.br/RHF/RecepcaoDocumentos/Candidato/EnvioCandidato?concursoEscolhidoCod=927562203.image-redundant-alt" name="#tableAguardandoAprovacao > tbody > tr > td:nth-of-type(5)"/>
    <testcase classname="http://tst01.tjsp.jus.br/RHF/RecepcaoDocumentos/Candidato/EnvioCandidato?concursoEscolhidoCod=927562203.image-redundant-alt" name="#tableAguardandoAprovacao > tbody > tr > td:nth-of-type(5) > .btn.btn-info.btnDetalhes"/>
    <testcase classname="http://tst01.tjsp.jus.br/RHF/RecepcaoDocumentos/Candidato/EnvioCandidato?concursoEscolhidoCod=927562203.meta-viewport-large" name=".js.flexbox.flexboxlegacy.canvas.canvastext.no-webgl.touch.no-geolocation.postmessage.websqldatabase.indexeddb.hashchange.history.draganddrop.websockets.rgba.hsla.multiplebgs.backgroundsize.borderimage.borderradius.boxshadow.textshadow.opacity.cssanimations.csscolumns.cssgradients.cssreflections.csstransforms.csstransforms3d.csstransitions.fontface.generatedcontent.no-video.no-audio.localstorage.sessionstorage.webworkers.applicationcache.svg.inlinesvg.smil.svgclippaths > head > meta:nth-of-type(3)"/>
    <testcase classname="http://tst01.tjsp.jus.br/RHF/RecepcaoDocumentos/Candidato/EnvioCandidato?concursoEscolhidoCod=927562203.meta-viewport" name=".js.flexbox.flexboxlegacy.canvas.canvastext.no-webgl.touch.no-geolocation.postmessage.websqldatabase.indexeddb.hashchange.history.draganddrop.websockets.rgba.hsla.multiplebgs.backgroundsize.borderimage.borderradius.boxshadow.textshadow.opacity.cssanimations.csscolumns.cssgradients.cssreflections.csstransforms.csstransforms3d.csstransitions.fontface.generatedcontent.no-video.no-audio.localstorage.sessionstorage.webworkers.applicationcache.svg.inlinesvg.smil.svgclippaths > head > meta:nth-of-type(3)"/>
    <testcase classname="http://tst01.tjsp.jus.br/RHF/RecepcaoDocumentos/Candidato/EnvioCandidato?concursoEscolhidoCod=927562203.table-duplicate-name" name="#tableAguardandoAprovacao"/>
    <testcase classname="http://tst01.tjsp.jus.br/RHF/RecepcaoDocumentos/Candidato/EnvioCandidato?concursoEscolhidoCod=927562203.td-headers-attr" name="#tableAguardandoAprovacao"/>
    <testcase classname="http://tst01.tjsp.jus.br/RHF/RecepcaoDocumentos/Candidato/EnvioCandidato?concursoEscolhidoCod=927562203.th-has-data-cells" name="#tableAguardandoAprovacao"/>
  </testsuite>
</testsuites>